#
# A fatal error has been detected by the Java Runtime Environment:
#
#  EXCEPTION_ACCESS_VIOLATION (0xc0000005) at pc=0x00007ff8107d347b, pid=16040, tid=11168
#
# JRE version: Java(TM) SE Runtime Environment (16.0+36) (build 16+36-2231)
# Java VM: Java HotSpot(TM) 64-Bit Server VM (16+36-2231, mixed mode, sharing, tiered, compressed oops, g1 gc, windows-amd64)
# Problematic frame:
# V  [jvm.dll+0x74347b]
#
# No core dump will be written. Minidumps are not enabled by default on client versions of Windows
#
# If you would like to submit a bug report, please visit:
#   https://bugreport.java.com/bugreport/crash.jsp
#

---------------  S U M M A R Y ------------

Command Line: -XX:+ShowCodeDetailsInExceptionMessages -agentlib:jdwp=transport=dt_socket,suspend=y,address=localhost:57202 -javaagent:C:\Software\eclipse-jee-2021-06-R-win32-x86_64\eclipse\configuration\org.eclipse.osgi\415\0\.cp\lib\javaagent-shaded.jar -Dfile.encoding=Cp1252 com.reddy.CollectionsFrame.LinkedListPractise

Host: Intel(R) Core(TM) i3-7020U CPU @ 2.30GHz, 4 cores, 7G,  Windows 10 , 64 bit Build 19041 (10.0.19041.3636)
Time: Thu May  9 09:40:05 2024 India Standard Time elapsed time: 469.195366 seconds (0d 0h 7m 49s)

---------------  T H R E A D  ---------------

Current thread (0x0000023db5e41860):  JavaThread "main" [_thread_in_vm, id=11168, stack(0x0000008190200000,0x0000008190300000)]

Stack: [0x0000008190200000,0x0000008190300000],  sp=0x00000081902fec20,  free space=1019k
Native frames: (J=compiled Java code, j=interpreted, Vv=VM code, C=native code)
V  [jvm.dll+0x74347b]
V  [jvm.dll+0x7433c3]
V  [jvm.dll+0x23ad64]
V  [jvm.dll+0x23b002]
V  [jvm.dll+0x551cf3]
V  [jvm.dll+0x554134]
V  [jvm.dll+0x3795ee]
V  [jvm.dll+0x379082]
C  0x0000023dbd5a20c8

Java frames: (J=compiled Java code, j=interpreted, Vv=VM code)
j  com.reddy.CollectionsFrame.LinkedListPractise.main([Ljava/lang/String;)V+22
v  ~StubRoutines::call_stub

siginfo: EXCEPTION_ACCESS_VIOLATION (0xc0000005), reading address 0x0000000000000004


Register to memory mapping:

RIP=0x00007ff8107d347b jvm.dll
RAX=0x0000000000000001 is an unknown value
RBX=0x0000023db5e41860 is a thread
RCX=0x0 is NULL
RDX=0x0000023db5e40200 points into unknown readable memory: 0x00000000895aa710 | 10 a7 5a 89 00 00 00 00
RSP=0x00000081902fec20 is pointing into the stack for thread: 0x0000023db5e41860
RBP=0x0000000000000001 is an unknown value
RSI=0x0000000000000001 is an unknown value
RDI=0x0 is NULL
R8 =0x0000023db5e40208 points into unknown readable memory: 0x0000000089184888 | 88 48 18 89 00 00 00 00
R9 =0x0000023db5e41860 is a thread
R10=0x0 is NULL
R11={method} {0x0000023dd3c3b0c8} 'main' '([Ljava/lang/String;)V' in 'com/reddy/CollectionsFrame/LinkedListPractise'
R12=0x0 is NULL
R13=0x0 is NULL
R14=0x00000081902fed70 is pointing into the stack for thread: 0x0000023db5e41860
R15=0x00000081902feec8 is pointing into the stack for thread: 0x0000023db5e41860


Registers:
RAX=0x0000000000000001, RBX=0x0000023db5e41860, RCX=0x0000000000000000, RDX=0x0000023db5e40200
RSP=0x00000081902fec20, RBP=0x0000000000000001, RSI=0x0000000000000001, RDI=0x0000000000000000
R8 =0x0000023db5e40208, R9 =0x0000023db5e41860, R10=0x0000000000000000, R11=0x0000023dd3c3b0c0
R12=0x0000000000000000, R13=0x0000000000000000, R14=0x00000081902fed70, R15=0x00000081902feec8
RIP=0x00007ff8107d347b, EFLAGS=0x0000000000010202

Top of Stack: (sp=0x00000081902fec20)
0x00000081902fec20:   0000000000000001 00007ff82de533c2
0x00000081902fec30:   00007ff82de61710 0000023dd40ec060
0x00000081902fec40:   0000023dd3585110 0000000000000003
0x00000081902fec50:   0000023dd41353a0 0000000000000001
0x00000081902fec60:   0000000000000000 0000023dd40fd640
0x00000081902fec70:   0000023dd40fd640 0000000000000001
0x00000081902fec80:   0000000000000001 00000081902feec8
0x00000081902fec90:   00000081902fed70 0000000000000000
0x00000081902feca0:   0000023db5e41860 00007ff8107d33c3
0x00000081902fecb0:   0000023db5e41860 00007ff810473629
0x00000081902fecc0:   0000023dd42bd6f8 0000000000000016
0x00000081902fecd0:   0000023db5e40200 00007ff8102cad64
0x00000081902fece0:   0000023db5e40208 0000023db5e41860
0x00000081902fecf0:   0000000000000000 0000023db5e41860
0x00000081902fed00:   0000023db5e41860 00007ff81059767e
0x00000081902fed10:   00000081902feec8 0000000000000000 

Instructions: (pc=0x00007ff8107d347b)
0x00007ff8107d337b:   6c 24 68 48 8b 6c 24 58 48 83 c4 28 41 5f 5f 5e
0x00007ff8107d338b:   5b c3 48 83 c4 28 41 5f 5f 5e 5b e9 15 f7 ff ff
0x00007ff8107d339b:   cc cc cc cc cc 48 89 5c 24 08 48 89 74 24 10 57
0x00007ff8107d33ab:   48 83 ec 20 48 8b 5c 24 50 41 0f b6 f1 4c 8b cb
0x00007ff8107d33bb:   48 8b f9 e8 ad 00 00 00 48 83 7b 08 00 75 05 48
0x00007ff8107d33cb:   85 c0 75 12 4c 8b cb 4c 8b c0 40 0f b6 d6 48 8b
0x00007ff8107d33db:   cf e8 7f d1 ff ff 48 8b 5c 24 30 48 8b 74 24 38
0x00007ff8107d33eb:   48 83 c4 20 5f c3 cc cc cc cc cc cc cc cc cc cc
0x00007ff8107d33fb:   cc cc cc cc cc 48 89 5c 24 08 48 89 74 24 10 57
0x00007ff8107d340b:   48 83 ec 20 49 8b d8 0f b6 f2 4d 8b c8 33 d2 45
0x00007ff8107d341b:   33 c0 48 8b f9 e8 4b 00 00 00 48 83 7b 08 00 75
0x00007ff8107d342b:   05 48 85 c0 75 12 4c 8b cb 4c 8b c0 40 0f b6 d6
0x00007ff8107d343b:   48 8b cf e8 1d d1 ff ff 48 8b 5c 24 30 48 8b 74
0x00007ff8107d344b:   24 38 48 83 c4 20 5f c3 cc cc cc cc cc cc cc cc
0x00007ff8107d345b:   cc cc cc cc cc 4c 8b ca 45 33 c0 33 d2 e9 03 00
0x00007ff8107d346b:   00 00 cc cc cc 40 53 57 41 56 41 57 48 83 ec 68
0x00007ff8107d347b:   66 83 79 04 01 4d 8b f9 49 8b d8 48 8b fa 4c 8b
0x00007ff8107d348b:   f1 0f 86 80 01 00 00 80 79 06 5b 0f 85 76 01 00
0x00007ff8107d349b:   00 e8 ef 24 fa ff 84 c0 0f 84 69 01 00 00 48 89
0x00007ff8107d34ab:   ac 24 98 00 00 00 48 8d 4c 24 28 49 8b af 78 02
0x00007ff8107d34bb:   00 00 45 33 c0 48 89 b4 24 a0 00 00 00 49 8b d6
0x00007ff8107d34cb:   4c 89 a4 24 a8 00 00 00 4c 89 6c 24 60 48 8b 45
0x00007ff8107d34db:   18 48 8b 75 10 4c 8b 65 28 48 89 84 24 90 00 00
0x00007ff8107d34eb:   00 48 8b 45 20 48 89 44 24 20 e8 46 1a fa ff 8b
0x00007ff8107d34fb:   44 24 40 45 33 f6 83 f8 0d 74 05 45 8b ee eb 11
0x00007ff8107d350b:   48 8d 4c 24 28 e8 9b 28 fa ff 44 8b e8 8b 44 24
0x00007ff8107d351b:   40 48 63 54 24 30 48 8b 4c 24 28 80 7c 0a 06 4c
0x00007ff8107d352b:   75 6a 48 8d 4c 24 28 e8 c9 22 fa ff 4d 8b cf 4c
0x00007ff8107d353b:   8b c3 48 8b d7 48 8b c8 e8 68 f5 ff ff 48 8b d8
0x00007ff8107d354b:   4d 39 77 08 75 22 48 85 c0 74 53 48 8b 00 48 8b
0x00007ff8107d355b:   cb 33 d2 45 8b c5 4d 8b cf ff 90 d8 00 00 00 48
0x00007ff8107d356b:   8b d8 4d 39 77 08 74 36 48 8d 4c 24 28 e8 13 1a 


Stack slot to memory mapping:
stack at sp + 0 slots: 0x0000000000000001 is an unknown value
stack at sp + 1 slots: 0x00007ff82de533c2 jdwp.dll
stack at sp + 2 slots: 0x00007ff82de61710 jdwp.dll
stack at sp + 3 slots: 0x0000023dd40ec060 points into unknown readable memory: 0x0000000000000000 | 00 00 00 00 00 00 00 00
stack at sp + 4 slots: 0x0000023dd3585110 points into unknown readable memory: 0x0000023dd35a3868 | 68 38 5a d3 3d 02 00 00
stack at sp + 5 slots: 0x0000000000000003 is an unknown value
stack at sp + 6 slots: 0x0000023dd41353a0 points into unknown readable memory: 0x0000023dd42f35a0 | a0 35 2f d4 3d 02 00 00
stack at sp + 7 slots: 0x0000000000000001 is an unknown value


---------------  P R O C E S S  ---------------

Threads class SMR info:
_java_thread_list=0x0000023dd42e8f80, length=15, elements={
0x0000023db5e41860, 0x0000023dd359a0f0, 0x0000023dd359ac00, 0x0000023dd35ab6c0,
0x0000023dd35ac9e0, 0x0000023dd35af400, 0x0000023dd35afd10, 0x0000023dd35b1160,
0x0000023dd35de7b0, 0x0000023dd4018050, 0x0000023dd40aef10, 0x0000023dd411ff20,
0x0000023dd412bd00, 0x0000023dd412c240, 0x0000023dd42ef8a0
}

Java Threads: ( => current thread )
=>0x0000023db5e41860 JavaThread "main" [_thread_in_vm, id=11168, stack(0x0000008190200000,0x0000008190300000)]
  0x0000023dd359a0f0 JavaThread "Reference Handler" daemon [_thread_blocked, id=4852, stack(0x0000008190700000,0x0000008190800000)]
  0x0000023dd359ac00 JavaThread "Finalizer" daemon [_thread_blocked, id=9336, stack(0x0000008190800000,0x0000008190900000)]
  0x0000023dd35ab6c0 JavaThread "Signal Dispatcher" daemon [_thread_blocked, id=15620, stack(0x0000008190900000,0x0000008190a00000)]
  0x0000023dd35ac9e0 JavaThread "Attach Listener" daemon [_thread_blocked, id=12064, stack(0x0000008190a00000,0x0000008190b00000)]
  0x0000023dd35af400 JavaThread "Service Thread" daemon [_thread_blocked, id=15532, stack(0x0000008190b00000,0x0000008190c00000)]
  0x0000023dd35afd10 JavaThread "Monitor Deflation Thread" daemon [_thread_blocked, id=12260, stack(0x0000008190c00000,0x0000008190d00000)]
  0x0000023dd35b1160 JavaThread "C2 CompilerThread0" daemon [_thread_blocked, id=12464, stack(0x0000008190d00000,0x0000008190e00000)]
  0x0000023dd35de7b0 JavaThread "C1 CompilerThread0" daemon [_thread_blocked, id=11120, stack(0x0000008190e00000,0x0000008190f00000)]
  0x0000023dd4018050 JavaThread "Sweeper thread" daemon [_thread_blocked, id=8900, stack(0x0000008190f00000,0x0000008191000000)]
  0x0000023dd40aef10 JavaThread "Common-Cleaner" daemon [_thread_blocked, id=15968, stack(0x0000008191000000,0x0000008191100000)]
  0x0000023dd411ff20 JavaThread "JDWP Transport Listener: dt_socket" daemon [_thread_blocked, id=12296, stack(0x0000008191100000,0x0000008191200000)]
  0x0000023dd412bd00 JavaThread "JDWP Event Helper Thread" daemon [_thread_blocked, id=6356, stack(0x0000008191200000,0x0000008191300000)]
  0x0000023dd412c240 JavaThread "JDWP Command Reader" daemon [_thread_in_native, id=11100, stack(0x0000008191300000,0x0000008191400000)]
  0x0000023dd42ef8a0 JavaThread "Notification Thread" daemon [_thread_blocked, id=9344, stack(0x0000008191400000,0x0000008191500000)]

Other Threads:
  0x0000023dd3592620 VMThread "VM Thread" [stack: 0x0000008190600000,0x0000008190700000] [id=13816]
  0x0000023dd42efdc0 WatcherThread [stack: 0x0000008191500000,0x0000008191600000] [id=432]
  0x0000023db5e7f520 GCTaskThread "GC Thread#0" [stack: 0x000000818ff00000,0x0000008190000000] [id=10996]
  0x0000023db5e92170 ConcurrentGCThread "G1 Main Marker" [stack: 0x0000008190100000,0x0000008190200000] [id=13552]
  0x0000023db5e94830 ConcurrentGCThread "G1 Conc#0" [stack: 0x0000008190300000,0x0000008190400000] [id=14340]
  0x0000023db5eed860 ConcurrentGCThread "G1 Refine#0" [stack: 0x0000008190400000,0x0000008190500000] [id=14928]
  0x0000023db5eee090 ConcurrentGCThread "G1 Service" [stack: 0x0000008190500000,0x0000008190600000] [id=15056]

Threads with active compile tasks:

VM state: not at safepoint (normal execution)

VM Mutex/Monitor currently owned by a thread: None

Heap address: 0x0000000081600000, size: 2026 MB, Compressed Oops mode: 32-bit
CDS archive(s) mapped at: [0x0000000800000000-0x0000000800bb0000-0x0000000800bb0000), size 12255232, SharedBaseAddress: 0x0000000800000000, ArchiveRelocationMode: 0.
Compressed class space mapped at: 0x0000000800c00000-0x0000000840c00000, reserved size: 1073741824
Narrow klass base: 0x0000000800000000, Narrow klass shift: 3, Narrow klass range: 0x100000000

GC Precious Log:
 CPUs: 4 total, 4 available
 Memory: 8103M
 Large Page Support: Disabled
 NUMA Support: Disabled
 Compressed Oops: Enabled (32-bit)
 Heap Region Size: 1M
 Heap Min Capacity: 8M
 Heap Initial Capacity: 128M
 Heap Max Capacity: 2026M
 Pre-touch: Disabled
 Parallel Workers: 4
 Concurrent Workers: 1
 Concurrent Refinement Workers: 4
 Periodic GC: Disabled

Heap:
 garbage-first heap   total 131072K, used 4096K [0x0000000081600000, 0x0000000100000000)
  region size 1024K, 6 young (6144K), 0 survivors (0K)
 Metaspace       used 2620K, committed 2752K, reserved 1056768K
  class space    used 224K, committed 320K, reserved 1048576K

Heap Regions: E=young(eden), S=young(survivor), O=old, HS=humongous(starts), HC=humongous(continues), CS=collection set, F=free, OA=open archive, CA=closed archive, TAMS=top-at-mark-start (previous, next)
|   0|0x0000000081600000, 0x0000000081600000, 0x0000000081700000|  0%| F|  |TAMS 0x0000000081600000, 0x0000000081600000| Untracked 
|   1|0x0000000081700000, 0x0000000081700000, 0x0000000081800000|  0%| F|  |TAMS 0x0000000081700000, 0x0000000081700000| Untracked 
|   2|0x0000000081800000, 0x0000000081800000, 0x0000000081900000|  0%| F|  |TAMS 0x0000000081800000, 0x0000000081800000| Untracked 
|   3|0x0000000081900000, 0x0000000081900000, 0x0000000081a00000|  0%| F|  |TAMS 0x0000000081900000, 0x0000000081900000| Untracked 
|   4|0x0000000081a00000, 0x0000000081a00000, 0x0000000081b00000|  0%| F|  |TAMS 0x0000000081a00000, 0x0000000081a00000| Untracked 
|   5|0x0000000081b00000, 0x0000000081b00000, 0x0000000081c00000|  0%| F|  |TAMS 0x0000000081b00000, 0x0000000081b00000| Untracked 
|   6|0x0000000081c00000, 0x0000000081c00000, 0x0000000081d00000|  0%| F|  |TAMS 0x0000000081c00000, 0x0000000081c00000| Untracked 
|   7|0x0000000081d00000, 0x0000000081d00000, 0x0000000081e00000|  0%| F|  |TAMS 0x0000000081d00000, 0x0000000081d00000| Untracked 
|   8|0x0000000081e00000, 0x0000000081e00000, 0x0000000081f00000|  0%| F|  |TAMS 0x0000000081e00000, 0x0000000081e00000| Untracked 
|   9|0x0000000081f00000, 0x0000000081f00000, 0x0000000082000000|  0%| F|  |TAMS 0x0000000081f00000, 0x0000000081f00000| Untracked 
|  10|0x0000000082000000, 0x0000000082000000, 0x0000000082100000|  0%| F|  |TAMS 0x0000000082000000, 0x0000000082000000| Untracked 
|  11|0x0000000082100000, 0x0000000082100000, 0x0000000082200000|  0%| F|  |TAMS 0x0000000082100000, 0x0000000082100000| Untracked 
|  12|0x0000000082200000, 0x0000000082200000, 0x0000000082300000|  0%| F|  |TAMS 0x0000000082200000, 0x0000000082200000| Untracked 
|  13|0x0000000082300000, 0x0000000082300000, 0x0000000082400000|  0%| F|  |TAMS 0x0000000082300000, 0x0000000082300000| Untracked 
|  14|0x0000000082400000, 0x0000000082400000, 0x0000000082500000|  0%| F|  |TAMS 0x0000000082400000, 0x0000000082400000| Untracked 
|  15|0x0000000082500000, 0x0000000082500000, 0x0000000082600000|  0%| F|  |TAMS 0x0000000082500000, 0x0000000082500000| Untracked 
|  16|0x0000000082600000, 0x0000000082600000, 0x0000000082700000|  0%| F|  |TAMS 0x0000000082600000, 0x0000000082600000| Untracked 
|  17|0x0000000082700000, 0x0000000082700000, 0x0000000082800000|  0%| F|  |TAMS 0x0000000082700000, 0x0000000082700000| Untracked 
|  18|0x0000000082800000, 0x0000000082800000, 0x0000000082900000|  0%| F|  |TAMS 0x0000000082800000, 0x0000000082800000| Untracked 
|  19|0x0000000082900000, 0x0000000082900000, 0x0000000082a00000|  0%| F|  |TAMS 0x0000000082900000, 0x0000000082900000| Untracked 
|  20|0x0000000082a00000, 0x0000000082a00000, 0x0000000082b00000|  0%| F|  |TAMS 0x0000000082a00000, 0x0000000082a00000| Untracked 
|  21|0x0000000082b00000, 0x0000000082b00000, 0x0000000082c00000|  0%| F|  |TAMS 0x0000000082b00000, 0x0000000082b00000| Untracked 
|  22|0x0000000082c00000, 0x0000000082c00000, 0x0000000082d00000|  0%| F|  |TAMS 0x0000000082c00000, 0x0000000082c00000| Untracked 
|  23|0x0000000082d00000, 0x0000000082d00000, 0x0000000082e00000|  0%| F|  |TAMS 0x0000000082d00000, 0x0000000082d00000| Untracked 
|  24|0x0000000082e00000, 0x0000000082e00000, 0x0000000082f00000|  0%| F|  |TAMS 0x0000000082e00000, 0x0000000082e00000| Untracked 
|  25|0x0000000082f00000, 0x0000000082f00000, 0x0000000083000000|  0%| F|  |TAMS 0x0000000082f00000, 0x0000000082f00000| Untracked 
|  26|0x0000000083000000, 0x0000000083000000, 0x0000000083100000|  0%| F|  |TAMS 0x0000000083000000, 0x0000000083000000| Untracked 
|  27|0x0000000083100000, 0x0000000083100000, 0x0000000083200000|  0%| F|  |TAMS 0x0000000083100000, 0x0000000083100000| Untracked 
|  28|0x0000000083200000, 0x0000000083200000, 0x0000000083300000|  0%| F|  |TAMS 0x0000000083200000, 0x0000000083200000| Untracked 
|  29|0x0000000083300000, 0x0000000083300000, 0x0000000083400000|  0%| F|  |TAMS 0x0000000083300000, 0x0000000083300000| Untracked 
|  30|0x0000000083400000, 0x0000000083400000, 0x0000000083500000|  0%| F|  |TAMS 0x0000000083400000, 0x0000000083400000| Untracked 
|  31|0x0000000083500000, 0x0000000083500000, 0x0000000083600000|  0%| F|  |TAMS 0x0000000083500000, 0x0000000083500000| Untracked 
|  32|0x0000000083600000, 0x0000000083600000, 0x0000000083700000|  0%| F|  |TAMS 0x0000000083600000, 0x0000000083600000| Untracked 
|  33|0x0000000083700000, 0x0000000083700000, 0x0000000083800000|  0%| F|  |TAMS 0x0000000083700000, 0x0000000083700000| Untracked 
|  34|0x0000000083800000, 0x0000000083800000, 0x0000000083900000|  0%| F|  |TAMS 0x0000000083800000, 0x0000000083800000| Untracked 
|  35|0x0000000083900000, 0x0000000083900000, 0x0000000083a00000|  0%| F|  |TAMS 0x0000000083900000, 0x0000000083900000| Untracked 
|  36|0x0000000083a00000, 0x0000000083a00000, 0x0000000083b00000|  0%| F|  |TAMS 0x0000000083a00000, 0x0000000083a00000| Untracked 
|  37|0x0000000083b00000, 0x0000000083b00000, 0x0000000083c00000|  0%| F|  |TAMS 0x0000000083b00000, 0x0000000083b00000| Untracked 
|  38|0x0000000083c00000, 0x0000000083c00000, 0x0000000083d00000|  0%| F|  |TAMS 0x0000000083c00000, 0x0000000083c00000| Untracked 
|  39|0x0000000083d00000, 0x0000000083d00000, 0x0000000083e00000|  0%| F|  |TAMS 0x0000000083d00000, 0x0000000083d00000| Untracked 
|  40|0x0000000083e00000, 0x0000000083e00000, 0x0000000083f00000|  0%| F|  |TAMS 0x0000000083e00000, 0x0000000083e00000| Untracked 
|  41|0x0000000083f00000, 0x0000000083f00000, 0x0000000084000000|  0%| F|  |TAMS 0x0000000083f00000, 0x0000000083f00000| Untracked 
|  42|0x0000000084000000, 0x0000000084000000, 0x0000000084100000|  0%| F|  |TAMS 0x0000000084000000, 0x0000000084000000| Untracked 
|  43|0x0000000084100000, 0x0000000084100000, 0x0000000084200000|  0%| F|  |TAMS 0x0000000084100000, 0x0000000084100000| Untracked 
|  44|0x0000000084200000, 0x0000000084200000, 0x0000000084300000|  0%| F|  |TAMS 0x0000000084200000, 0x0000000084200000| Untracked 
|  45|0x0000000084300000, 0x0000000084300000, 0x0000000084400000|  0%| F|  |TAMS 0x0000000084300000, 0x0000000084300000| Untracked 
|  46|0x0000000084400000, 0x0000000084400000, 0x0000000084500000|  0%| F|  |TAMS 0x0000000084400000, 0x0000000084400000| Untracked 
|  47|0x0000000084500000, 0x0000000084500000, 0x0000000084600000|  0%| F|  |TAMS 0x0000000084500000, 0x0000000084500000| Untracked 
|  48|0x0000000084600000, 0x0000000084600000, 0x0000000084700000|  0%| F|  |TAMS 0x0000000084600000, 0x0000000084600000| Untracked 
|  49|0x0000000084700000, 0x0000000084700000, 0x0000000084800000|  0%| F|  |TAMS 0x0000000084700000, 0x0000000084700000| Untracked 
|  50|0x0000000084800000, 0x0000000084800000, 0x0000000084900000|  0%| F|  |TAMS 0x0000000084800000, 0x0000000084800000| Untracked 
|  51|0x0000000084900000, 0x0000000084900000, 0x0000000084a00000|  0%| F|  |TAMS 0x0000000084900000, 0x0000000084900000| Untracked 
|  52|0x0000000084a00000, 0x0000000084a00000, 0x0000000084b00000|  0%| F|  |TAMS 0x0000000084a00000, 0x0000000084a00000| Untracked 
|  53|0x0000000084b00000, 0x0000000084b00000, 0x0000000084c00000|  0%| F|  |TAMS 0x0000000084b00000, 0x0000000084b00000| Untracked 
|  54|0x0000000084c00000, 0x0000000084c00000, 0x0000000084d00000|  0%| F|  |TAMS 0x0000000084c00000, 0x0000000084c00000| Untracked 
|  55|0x0000000084d00000, 0x0000000084d00000, 0x0000000084e00000|  0%| F|  |TAMS 0x0000000084d00000, 0x0000000084d00000| Untracked 
|  56|0x0000000084e00000, 0x0000000084e00000, 0x0000000084f00000|  0%| F|  |TAMS 0x0000000084e00000, 0x0000000084e00000| Untracked 
|  57|0x0000000084f00000, 0x0000000084f00000, 0x0000000085000000|  0%| F|  |TAMS 0x0000000084f00000, 0x0000000084f00000| Untracked 
|  58|0x0000000085000000, 0x0000000085000000, 0x0000000085100000|  0%| F|  |TAMS 0x0000000085000000, 0x0000000085000000| Untracked 
|  59|0x0000000085100000, 0x0000000085100000, 0x0000000085200000|  0%| F|  |TAMS 0x0000000085100000, 0x0000000085100000| Untracked 
|  60|0x0000000085200000, 0x0000000085200000, 0x0000000085300000|  0%| F|  |TAMS 0x0000000085200000, 0x0000000085200000| Untracked 
|  61|0x0000000085300000, 0x0000000085300000, 0x0000000085400000|  0%| F|  |TAMS 0x0000000085300000, 0x0000000085300000| Untracked 
|  62|0x0000000085400000, 0x0000000085400000, 0x0000000085500000|  0%| F|  |TAMS 0x0000000085400000, 0x0000000085400000| Untracked 
|  63|0x0000000085500000, 0x0000000085500000, 0x0000000085600000|  0%| F|  |TAMS 0x0000000085500000, 0x0000000085500000| Untracked 
|  64|0x0000000085600000, 0x0000000085600000, 0x0000000085700000|  0%| F|  |TAMS 0x0000000085600000, 0x0000000085600000| Untracked 
|  65|0x0000000085700000, 0x0000000085700000, 0x0000000085800000|  0%| F|  |TAMS 0x0000000085700000, 0x0000000085700000| Untracked 
|  66|0x0000000085800000, 0x0000000085800000, 0x0000000085900000|  0%| F|  |TAMS 0x0000000085800000, 0x0000000085800000| Untracked 
|  67|0x0000000085900000, 0x0000000085900000, 0x0000000085a00000|  0%| F|  |TAMS 0x0000000085900000, 0x0000000085900000| Untracked 
|  68|0x0000000085a00000, 0x0000000085a00000, 0x0000000085b00000|  0%| F|  |TAMS 0x0000000085a00000, 0x0000000085a00000| Untracked 
|  69|0x0000000085b00000, 0x0000000085b00000, 0x0000000085c00000|  0%| F|  |TAMS 0x0000000085b00000, 0x0000000085b00000| Untracked 
|  70|0x0000000085c00000, 0x0000000085c00000, 0x0000000085d00000|  0%| F|  |TAMS 0x0000000085c00000, 0x0000000085c00000| Untracked 
|  71|0x0000000085d00000, 0x0000000085d00000, 0x0000000085e00000|  0%| F|  |TAMS 0x0000000085d00000, 0x0000000085d00000| Untracked 
|  72|0x0000000085e00000, 0x0000000085e00000, 0x0000000085f00000|  0%| F|  |TAMS 0x0000000085e00000, 0x0000000085e00000| Untracked 
|  73|0x0000000085f00000, 0x0000000085f00000, 0x0000000086000000|  0%| F|  |TAMS 0x0000000085f00000, 0x0000000085f00000| Untracked 
|  74|0x0000000086000000, 0x0000000086000000, 0x0000000086100000|  0%| F|  |TAMS 0x0000000086000000, 0x0000000086000000| Untracked 
|  75|0x0000000086100000, 0x0000000086100000, 0x0000000086200000|  0%| F|  |TAMS 0x0000000086100000, 0x0000000086100000| Untracked 
|  76|0x0000000086200000, 0x0000000086200000, 0x0000000086300000|  0%| F|  |TAMS 0x0000000086200000, 0x0000000086200000| Untracked 
|  77|0x0000000086300000, 0x0000000086300000, 0x0000000086400000|  0%| F|  |TAMS 0x0000000086300000, 0x0000000086300000| Untracked 
|  78|0x0000000086400000, 0x0000000086400000, 0x0000000086500000|  0%| F|  |TAMS 0x0000000086400000, 0x0000000086400000| Untracked 
|  79|0x0000000086500000, 0x0000000086500000, 0x0000000086600000|  0%| F|  |TAMS 0x0000000086500000, 0x0000000086500000| Untracked 
|  80|0x0000000086600000, 0x0000000086600000, 0x0000000086700000|  0%| F|  |TAMS 0x0000000086600000, 0x0000000086600000| Untracked 
|  81|0x0000000086700000, 0x0000000086700000, 0x0000000086800000|  0%| F|  |TAMS 0x0000000086700000, 0x0000000086700000| Untracked 
|  82|0x0000000086800000, 0x0000000086800000, 0x0000000086900000|  0%| F|  |TAMS 0x0000000086800000, 0x0000000086800000| Untracked 
|  83|0x0000000086900000, 0x0000000086900000, 0x0000000086a00000|  0%| F|  |TAMS 0x0000000086900000, 0x0000000086900000| Untracked 
|  84|0x0000000086a00000, 0x0000000086a00000, 0x0000000086b00000|  0%| F|  |TAMS 0x0000000086a00000, 0x0000000086a00000| Untracked 
|  85|0x0000000086b00000, 0x0000000086b00000, 0x0000000086c00000|  0%| F|  |TAMS 0x0000000086b00000, 0x0000000086b00000| Untracked 
|  86|0x0000000086c00000, 0x0000000086c00000, 0x0000000086d00000|  0%| F|  |TAMS 0x0000000086c00000, 0x0000000086c00000| Untracked 
|  87|0x0000000086d00000, 0x0000000086d00000, 0x0000000086e00000|  0%| F|  |TAMS 0x0000000086d00000, 0x0000000086d00000| Untracked 
|  88|0x0000000086e00000, 0x0000000086e00000, 0x0000000086f00000|  0%| F|  |TAMS 0x0000000086e00000, 0x0000000086e00000| Untracked 
|  89|0x0000000086f00000, 0x0000000086f00000, 0x0000000087000000|  0%| F|  |TAMS 0x0000000086f00000, 0x0000000086f00000| Untracked 
|  90|0x0000000087000000, 0x0000000087000000, 0x0000000087100000|  0%| F|  |TAMS 0x0000000087000000, 0x0000000087000000| Untracked 
|  91|0x0000000087100000, 0x0000000087100000, 0x0000000087200000|  0%| F|  |TAMS 0x0000000087100000, 0x0000000087100000| Untracked 
|  92|0x0000000087200000, 0x0000000087200000, 0x0000000087300000|  0%| F|  |TAMS 0x0000000087200000, 0x0000000087200000| Untracked 
|  93|0x0000000087300000, 0x0000000087300000, 0x0000000087400000|  0%| F|  |TAMS 0x0000000087300000, 0x0000000087300000| Untracked 
|  94|0x0000000087400000, 0x0000000087400000, 0x0000000087500000|  0%| F|  |TAMS 0x0000000087400000, 0x0000000087400000| Untracked 
|  95|0x0000000087500000, 0x0000000087500000, 0x0000000087600000|  0%| F|  |TAMS 0x0000000087500000, 0x0000000087500000| Untracked 
|  96|0x0000000087600000, 0x0000000087600000, 0x0000000087700000|  0%| F|  |TAMS 0x0000000087600000, 0x0000000087600000| Untracked 
|  97|0x0000000087700000, 0x0000000087700000, 0x0000000087800000|  0%| F|  |TAMS 0x0000000087700000, 0x0000000087700000| Untracked 
|  98|0x0000000087800000, 0x0000000087800000, 0x0000000087900000|  0%| F|  |TAMS 0x0000000087800000, 0x0000000087800000| Untracked 
|  99|0x0000000087900000, 0x0000000087900000, 0x0000000087a00000|  0%| F|  |TAMS 0x0000000087900000, 0x0000000087900000| Untracked 
| 100|0x0000000087a00000, 0x0000000087a00000, 0x0000000087b00000|  0%| F|  |TAMS 0x0000000087a00000, 0x0000000087a00000| Untracked 
| 101|0x0000000087b00000, 0x0000000087b00000, 0x0000000087c00000|  0%| F|  |TAMS 0x0000000087b00000, 0x0000000087b00000| Untracked 
| 102|0x0000000087c00000, 0x0000000087c00000, 0x0000000087d00000|  0%| F|  |TAMS 0x0000000087c00000, 0x0000000087c00000| Untracked 
| 103|0x0000000087d00000, 0x0000000087d00000, 0x0000000087e00000|  0%| F|  |TAMS 0x0000000087d00000, 0x0000000087d00000| Untracked 
| 104|0x0000000087e00000, 0x0000000087e00000, 0x0000000087f00000|  0%| F|  |TAMS 0x0000000087e00000, 0x0000000087e00000| Untracked 
| 105|0x0000000087f00000, 0x0000000087f00000, 0x0000000088000000|  0%| F|  |TAMS 0x0000000087f00000, 0x0000000087f00000| Untracked 
| 106|0x0000000088000000, 0x0000000088000000, 0x0000000088100000|  0%| F|  |TAMS 0x0000000088000000, 0x0000000088000000| Untracked 
| 107|0x0000000088100000, 0x0000000088100000, 0x0000000088200000|  0%| F|  |TAMS 0x0000000088100000, 0x0000000088100000| Untracked 
| 108|0x0000000088200000, 0x0000000088200000, 0x0000000088300000|  0%| F|  |TAMS 0x0000000088200000, 0x0000000088200000| Untracked 
| 109|0x0000000088300000, 0x0000000088300000, 0x0000000088400000|  0%| F|  |TAMS 0x0000000088300000, 0x0000000088300000| Untracked 
| 110|0x0000000088400000, 0x0000000088400000, 0x0000000088500000|  0%| F|  |TAMS 0x0000000088400000, 0x0000000088400000| Untracked 
| 111|0x0000000088500000, 0x0000000088500000, 0x0000000088600000|  0%| F|  |TAMS 0x0000000088500000, 0x0000000088500000| Untracked 
| 112|0x0000000088600000, 0x0000000088600000, 0x0000000088700000|  0%| F|  |TAMS 0x0000000088600000, 0x0000000088600000| Untracked 
| 113|0x0000000088700000, 0x0000000088700000, 0x0000000088800000|  0%| F|  |TAMS 0x0000000088700000, 0x0000000088700000| Untracked 
| 114|0x0000000088800000, 0x0000000088800000, 0x0000000088900000|  0%| F|  |TAMS 0x0000000088800000, 0x0000000088800000| Untracked 
| 115|0x0000000088900000, 0x0000000088900000, 0x0000000088a00000|  0%| F|  |TAMS 0x0000000088900000, 0x0000000088900000| Untracked 
| 116|0x0000000088a00000, 0x0000000088a00000, 0x0000000088b00000|  0%| F|  |TAMS 0x0000000088a00000, 0x0000000088a00000| Untracked 
| 117|0x0000000088b00000, 0x0000000088b00000, 0x0000000088c00000|  0%| F|  |TAMS 0x0000000088b00000, 0x0000000088b00000| Untracked 
| 118|0x0000000088c00000, 0x0000000088c00000, 0x0000000088d00000|  0%| F|  |TAMS 0x0000000088c00000, 0x0000000088c00000| Untracked 
| 119|0x0000000088d00000, 0x0000000088d00000, 0x0000000088e00000|  0%| F|  |TAMS 0x0000000088d00000, 0x0000000088d00000| Untracked 
| 120|0x0000000088e00000, 0x0000000088e00000, 0x0000000088f00000|  0%| F|  |TAMS 0x0000000088e00000, 0x0000000088e00000| Untracked 
| 121|0x0000000088f00000, 0x0000000088f00000, 0x0000000089000000|  0%| F|  |TAMS 0x0000000088f00000, 0x0000000088f00000| Untracked 
| 122|0x0000000089000000, 0x000000008908e648, 0x0000000089100000| 55%| E|  |TAMS 0x0000000089000000, 0x0000000089000000| Complete 
| 123|0x0000000089100000, 0x0000000089200000, 0x0000000089200000|100%| E|  |TAMS 0x0000000089100000, 0x0000000089100000| Complete 
| 124|0x0000000089200000, 0x0000000089300000, 0x0000000089300000|100%| E|CS|TAMS 0x0000000089200000, 0x0000000089200000| Complete 
| 125|0x0000000089300000, 0x0000000089400000, 0x0000000089400000|100%| E|CS|TAMS 0x0000000089300000, 0x0000000089300000| Complete 
| 126|0x0000000089400000, 0x0000000089500000, 0x0000000089500000|100%| E|CS|TAMS 0x0000000089400000, 0x0000000089400000| Complete 
| 127|0x0000000089500000, 0x0000000089600000, 0x0000000089600000|100%| E|CS|TAMS 0x0000000089500000, 0x0000000089500000| Complete 

Card table byte_map: [0x0000023dcc980000,0x0000023dccd80000] _byte_map_base: 0x0000023dcc575000

Marking Bits (Prev, Next): (CMBitMap*) 0x0000023db5e819e0, (CMBitMap*) 0x0000023db5e81a20
 Prev Bits: [0x0000023dcd180000, 0x0000023dcf128000)
 Next Bits: [0x0000023dcf130000, 0x0000023dd10d8000)

Polling page: 0x0000023db3d30000

Metaspace:

Usage:
  Non-class:      2.34 MB used.
      Class:    224.20 KB used.
       Both:      2.56 MB used.

Virtual space:
  Non-class space:        8.00 MB reserved,       2.38 MB ( 30%) committed,  1 nodes.
      Class space:        1.00 GB reserved,     320.00 KB ( <1%) committed,  1 nodes.
              Both:        1.01 GB reserved,       2.69 MB ( <1%) committed. 

Chunk freelists:
   Non-Class:  3.75 MB
       Class:  3.73 MB
        Both:  7.48 MB

MaxMetaspaceSize: 17179869184.00 GB
CompressedClassSpaceSize: 1.00 GB
 - commit_granule_bytes: 65536.
 - commit_granule_words: 8192.
 - virtual_space_node_default_size: 1048576.
 - enlarge_chunks_in_place: 1.
 - new_chunks_are_fully_committed: 0.
 - uncommit_free_chunks: 1.
 - use_allocation_guard: 0.
 - handle_deallocations: 1.


Internal statistics:

num_allocs_failed_limit: 0.
num_arena_births: 10.
num_arena_deaths: 0.
num_vsnodes_births: 2.
num_vsnodes_deaths: 0.
num_space_committed: 43.
num_space_uncommitted: 0.
num_chunks_returned_to_freelist: 0.
num_chunks_taken_from_freelist: 32.
num_chunk_merges: 0.
num_chunk_splits: 16.
num_chunks_enlarged: 9.
num_purges: 0.

CodeHeap 'non-profiled nmethods': size=120000Kb used=142Kb max_used=142Kb free=119857Kb
 bounds [0x0000023dc5050000, 0x0000023dc52c0000, 0x0000023dcc580000]
CodeHeap 'profiled nmethods': size=120000Kb used=588Kb max_used=588Kb free=119411Kb
 bounds [0x0000023dbdb20000, 0x0000023dbdd90000, 0x0000023dc5050000]
CodeHeap 'non-nmethods': size=5760Kb used=1210Kb max_used=1229Kb free=4549Kb
 bounds [0x0000023dbd580000, 0x0000023dbd7f0000, 0x0000023dbdb20000]
 total_blobs=846 nmethods=426 adapters=333
 compilation: enabled
              stopped_count=0, restarted_count=0
 full_count=0

Compilation events (20 events):
Event: 0.870 Thread 0x0000023dd35de7b0  418   !   3       java.security.cert.Certificate::equals (38 bytes)
Event: 0.871 Thread 0x0000023dd35de7b0 nmethod 418 0x0000023dbdbaf290 code [0x0000023dbdbaf520, 0x0000023dbdbb0348]
Event: 0.871 Thread 0x0000023dd35de7b0  419       3       sun.security.x509.X509CertImpl::getEncodedInternal (20 bytes)
Event: 0.871 Thread 0x0000023dd35de7b0 nmethod 419 0x0000023dbdbb0810 code [0x0000023dbdbb0a00, 0x0000023dbdbb0f78]
Event: 0.873 Thread 0x0000023dd35de7b0  420       3       java.lang.StringConcatHelper::stringOf (20 bytes)
Event: 0.873 Thread 0x0000023dd35de7b0 nmethod 420 0x0000023dbdbb1110 code [0x0000023dbdbb12c0, 0x0000023dbdbb1508]
Event: 0.873 Thread 0x0000023dd35de7b0  421       3       java.lang.StringConcatHelper::mix (27 bytes)
Event: 0.874 Thread 0x0000023dd35de7b0 nmethod 421 0x0000023dbdbb1610 code [0x0000023dbdbb1800, 0x0000023dbdbb1c28]
Event: 0.874 Thread 0x0000023dd35de7b0  422       3       java.lang.StringConcatHelper::checkOverflow (17 bytes)
Event: 0.874 Thread 0x0000023dd35de7b0 nmethod 422 0x0000023dbdbb1e10 code [0x0000023dbdbb1fc0, 0x0000023dbdbb21c8]
Event: 0.874 Thread 0x0000023dd35de7b0  423       3       java.lang.StringConcatHelper::prepend (37 bytes)
Event: 0.875 Thread 0x0000023dd35de7b0 nmethod 423 0x0000023dbdbb2290 code [0x0000023dbdbb2460, 0x0000023dbdbb2758]
Event: 0.875 Thread 0x0000023dd35de7b0  424       1       java.net.URL::getRef (5 bytes)
Event: 0.875 Thread 0x0000023dd35de7b0 nmethod 424 0x0000023dc5073690 code [0x0000023dc5073820, 0x0000023dc50738f8]
Event: 325.678 Thread 0x0000023dd35de7b0  425       3       org.eclipse.jdt.launching.internal.org.objectweb.asm.ClassReader::readUnsignedShort (26 bytes)
Event: 325.678 Thread 0x0000023dd35de7b0 nmethod 425 0x0000023dbdbb2890 code [0x0000023dbdbb2a40, 0x0000023dbdbb2bb8]
Event: 325.678 Thread 0x0000023dd35de7b0  426       3       java.lang.String::<init> (74 bytes)
Event: 325.682 Thread 0x0000023dd35de7b0 

Event: 325.682 Thread 0x0000023dd35de7b0  427       3       java.lang.StringUTF16::compress (20 bytes)
Event: 325.682 Thread 0x0000023dd35de7b0 nmethod 427 0x0000023dbdbb2c90 code [0x0000023dbdbb2e40, 0x0000023dbdbb30a8]

GC Heap History (0 events):
No events

Deoptimization events (20 events):
Event: 0.355 Thread 0x0000023db5e41860 DEOPT PACKING pc=0x0000023dbdb4f411 sp=0x00000081902fdc30
Event: 0.355 Thread 0x0000023db5e41860 DEOPT UNPACKING pc=0x0000023dbd5cdece sp=0x00000081902fd170 mode 0
Event: 0.357 Thread 0x0000023db5e41860 DEOPT PACKING pc=0x0000023dbdb4fda4 sp=0x00000081902fdc90
Event: 0.357 Thread 0x0000023db5e41860 DEOPT UNPACKING pc=0x0000023dbd5cdece sp=0x00000081902fd150 mode 0
Event: 0.362 Thread 0x0000023db5e41860 DEOPT PACKING pc=0x0000023dbdb4fda4 sp=0x00000081902fdc90
Event: 0.363 Thread 0x0000023db5e41860 DEOPT UNPACKING pc=0x0000023dbd5cdece sp=0x00000081902fd150 mode 0
Event: 0.363 Thread 0x0000023db5e41860 DEOPT PACKING pc=0x0000023dbdb4fda4 sp=0x00000081902fdc90
Event: 0.363 Thread 0x0000023db5e41860 DEOPT UNPACKING pc=0x0000023dbd5cdece sp=0x00000081902fd150 mode 0
Event: 0.443 Thread 0x0000023db5e41860 Uncommon trap: trap_request=0xffffff45 fr.pc=0x0000023dc505c4ac relative=0x0000000000000b2c
Event: 0.443 Thread 0x0000023db5e41860 Uncommon trap: reason=unstable_if action=reinterpret pc=0x0000023dc505c4ac method=java.util.HashMap.putVal(ILjava/lang/Object;Ljava/lang/Object;ZZ)Ljava/lang/Object; @ 181 c2
Event: 0.443 Thread 0x0000023db5e41860 DEOPT PACKING pc=0x0000023dc505c4ac sp=0x00000081902fded0
Event: 0.443 Thread 0x0000023db5e41860 DEOPT UNPACKING pc=0x0000023dbd5cd72e sp=0x00000081902fde80 mode 2
Event: 0.717 Thread 0x0000023db5e41860 Uncommon trap: trap_request=0xffffff45 fr.pc=0x0000023dc50606fc relative=0x00000000000000dc
Event: 0.717 Thread 0x0000023db5e41860 Uncommon trap: reason=unstable_if action=reinterpret pc=0x0000023dc50606fc method=java.lang.String.isLatin1()Z @ 10 c2
Event: 0.717 Thread 0x0000023db5e41860 DEOPT PACKING pc=0x0000023dc50606fc sp=0x00000081902feba0
Event: 0.717 Thread 0x0000023db5e41860 DEOPT UNPACKING pc=0x0000023dbd5cd72e sp=0x00000081902feaf0 mode 2
Event: 0.775 Thread 0x0000023db5e41860 DEOPT PACKING pc=0x0000023dbdb93ef0 sp=0x00000081902f7db0
Event: 0.775 Thread 0x0000023db5e41860 DEOPT UNPACKING pc=0x0000023dbd5cdece sp=0x00000081902f7218 mode 0
Event: 0.824 Thread 0x0000023db5e41860 DEOPT PACKING pc=0x0000023dbdb93ef0 sp=0x00000081902f7db0
Event: 0.824 Thread 0x0000023db5e41860 DEOPT UNPACKING pc=0x0000023dbd5cdece sp=0x00000081902f7218 mode 0

Classes unloaded (0 events):
No events

Classes redefined (2 events):
Event: 156.944 Thread 0x0000023dd3592620 redefined class name=com.reddy.CollectionsFrame.LinkedListPractise, count=1
Event: 325.679 Thread 0x0000023dd3592620 redefined class name=com.reddy.CollectionsFrame.LinkedListPractise, count=2

Internal exceptions (1 events):
Event: 0.703 Thread 0x0000023db5e41860 Exception <a 'java/lang/NoSuchMethodError'{0x000000008916a6b8}: 'java.lang.Object java.lang.invoke.DirectMethodHandle$Holder.invokeStatic(java.lang.Object)'> (0x000000008916a6b8) 
thrown [t:\workspace\open\src\hotspot\share\interpreter\linkResolver.cpp, line 790]

Events (20 events):
Event: 465.323 Executing  VM operation: ChangeSingleStep
Event: 465.323 Executing  VM operation: ChangeSingleStep done
Event: 465.324 Executing  VM operation: ChangeSingleStep
Event: 465.324 Executing  VM operation: ChangeSingleStep done
Event: 465.325 Executing  VM operation: get/set locals
Event: 465.325 Executing  VM operation: get/set locals done
Event: 465.326 Executing  VM operation: ChangeSingleStep
Event: 465.326 Executing  VM operation: ChangeSingleStep done
Event: 465.335 Executing  VM operation: get/set locals
Event: 465.335 Executing  VM operation: get/set locals done
Event: 466.328 Executing  VM operation: ChangeSingleStep
Event: 466.328 Executing  VM operation: ChangeSingleStep done
Event: 466.329 Executing  VM operation: get/set locals
Event: 466.329 Executing  VM operation: get/set locals done
Event: 466.331 Executing  VM operation: get receiver
Event: 466.331 Executing  VM operation: get receiver done
Event: 466.332 Executing  VM operation: ChangeSingleStep
Event: 466.332 Executing  VM operation: ChangeSingleStep done
Event: 468.992 Executing  VM operation: ChangeSingleStep
Event: 468.992 Executing  VM operation: ChangeSingleStep done


Dynamic libraries:
0x00007ff7afd60000 - 0x00007ff7afd70000 	C:\Program Files\Java\jdk-16\bin\javaw.exe
0x00007ff855910000 - 0x00007ff855b08000 	C:\WINDOWS\SYSTEM32\ntdll.dll
0x00007ff854ca0000 - 0x00007ff854d5d000 	C:\WINDOWS\System32\KERNEL32.DLL
0x00007ff853640000 - 0x00007ff853936000 	C:\WINDOWS\System32\KERNELBASE.dll
0x00007ff8530e0000 - 0x00007ff8531e0000 	C:\WINDOWS\System32\ucrtbase.dll
0x00007ff82fe30000 - 0x00007ff82fe48000 	C:\Program Files\Java\jdk-16\bin\jli.dll
0x00007ff855460000 - 0x00007ff855510000 	C:\WINDOWS\System32\ADVAPI32.dll
0x00007ff853a30000 - 0x00007ff853ace000 	C:\WINDOWS\System32\msvcrt.dll
0x00007ff854c00000 - 0x00007ff854ca0000 	C:\WINDOWS\System32\sechost.dll
0x00007ff855160000 - 0x00007ff855283000 	C:\WINDOWS\System32\RPCRT4.dll
0x00007ff853250000 - 0x00007ff853277000 	C:\WINDOWS\System32\bcrypt.dll
0x00007ff8555c0000 - 0x00007ff85575f000 	C:\WINDOWS\System32\USER32.dll
0x00007ff852fc0000 - 0x00007ff852fe2000 	C:\WINDOWS\System32\win32u.dll
0x00007ff8557e0000 - 0x00007ff85580b000 	C:\WINDOWS\System32\GDI32.dll
0x00007ff853280000 - 0x00007ff853397000 	C:\WINDOWS\System32\gdi32full.dll
0x00007ff852ff0000 - 0x00007ff85308d000 	C:\WINDOWS\System32\msvcp_win.dll
0x00007ff82ef10000 - 0x00007ff82ef29000 	C:\Program Files\Java\jdk-16\bin\VCRUNTIME140.dll
0x00007ff8516e0000 - 0x00007ff85197a000 	C:\WINDOWS\WinSxS\amd64_microsoft.windows.common-controls_6595b64144ccf1df_6.0.19041.3636_none_60b6a03d71f818d5\COMCTL32.dll
0x00007ff84e1a0000 - 0x00007ff84e1aa000 	C:\WINDOWS\SYSTEM32\VERSION.dll
0x00007ff855420000 - 0x00007ff855452000 	C:\WINDOWS\System32\IMM32.DLL
0x00007ff83b340000 - 0x00007ff83b4a4000 	C:\Program Files (x86)\Citrix\ICA Client\ctxapclient64.dll
0x00007ff853f40000 - 0x00007ff854293000 	C:\WINDOWS\System32\combase.dll
0x00007ff852c20000 - 0x00007ff852c53000 	C:\WINDOWS\SYSTEM32\ntmarta.dll
0x00007ff853450000 - 0x00007ff8534d2000 	C:\WINDOWS\System32\bcryptprimitives.dll
0x00007ff83b1d0000 - 0x00007ff83b1dc000 	C:\Program Files\Java\jdk-16\bin\vcruntime140_1.dll
0x00007ff8216e0000 - 0x00007ff821771000 	C:\Program Files\Java\jdk-16\bin\msvcp140.dll
0x00007ff810090000 - 0x00007ff810c3b000 	C:\Program Files\Java\jdk-16\bin\server\jvm.dll
0x00007ff854a10000 - 0x00007ff854a18000 	C:\WINDOWS\System32\PSAPI.DLL
0x00007ff84e2a0000 - 0x00007ff84e2a9000 	C:\WINDOWS\SYSTEM32\WSOCK32.dll
0x00007ff855390000 - 0x00007ff8553fb000 	C:\WINDOWS\System32\WS2_32.dll
0x00007ff83c710000 - 0x00007ff83c737000 	C:\WINDOWS\SYSTEM32\WINMM.dll
0x00007ff8509c0000 - 0x00007ff8509d2000 	C:\WINDOWS\SYSTEM32\kernel.appcore.dll
0x00007ff82ff40000 - 0x00007ff82ff4a000 	C:\Program Files\Java\jdk-16\bin\jimage.dll
0x00007ff852950000 - 0x00007ff852b34000 	C:\WINDOWS\SYSTEM32\DBGHELP.DLL
0x00007ff851e60000 - 0x00007ff851e94000 	C:\WINDOWS\SYSTEM32\dbgcore.DLL
0x00007ff82de30000 - 0x00007ff82de6b000 	C:\Program Files\Java\jdk-16\bin\jdwp.dll
0x00007ff82fca0000 - 0x00007ff82fcae000 	C:\Program Files\Java\jdk-16\bin\instrument.dll
0x00007ff82eee0000 - 0x00007ff82ef05000 	C:\Program Files\Java\jdk-16\bin\java.dll
0x00007ff8542a0000 - 0x00007ff854a0b000 	C:\WINDOWS\System32\SHELL32.dll
0x00007ff850a20000 - 0x00007ff8511be000 	C:\WINDOWS\SYSTEM32\windows.storage.dll
0x00007ff8525f0000 - 0x00007ff85261e000 	C:\WINDOWS\SYSTEM32\Wldp.dll
0x00007ff854dc0000 - 0x00007ff854e8d000 	C:\WINDOWS\System32\OLEAUT32.dll
0x00007ff854a20000 - 0x00007ff854acd000 	C:\WINDOWS\System32\SHCORE.dll
0x0000023dd3620000 - 0x0000023dd3675000 	C:\WINDOWS\System32\shlwapi.dll
0x00007ff852ef0000 - 0x00007ff852f13000 	C:\WINDOWS\SYSTEM32\profapi.dll
0x00007ff82ecd0000 - 0x00007ff82ecdc000 	C:\Program Files\Java\jdk-16\bin\dt_socket.dll
0x00007ff852050000 - 0x00007ff85208b000 	C:\WINDOWS\SYSTEM32\IPHLPAPI.DLL
0x00007ff852370000 - 0x00007ff8523da000 	C:\WINDOWS\system32\mswsock.dll
0x00007ff852090000 - 0x00007ff85215b000 	C:\WINDOWS\SYSTEM32\DNSAPI.dll
0x00007ff855290000 - 0x00007ff855298000 	C:\WINDOWS\System32\NSI.dll
0x00007ff84a010000 - 0x00007ff84a01a000 	C:\Windows\System32\rasadhlp.dll
0x00007ff84a150000 - 0x00007ff84a1d0000 	C:\WINDOWS\System32\fwpuclnt.dll
0x00007ff82e200000 - 0x00007ff82e218000 	C:\Program Files\Java\jdk-16\bin\zip.dll
0x00007ff82de10000 - 0x00007ff82de29000 	C:\Program Files\Java\jdk-16\bin\net.dll
0x00007ff84aa90000 - 0x00007ff84ab9a000 	C:\WINDOWS\SYSTEM32\WINHTTP.dll
0x00007ff82ddf0000 - 0x00007ff82de03000 	C:\Program Files\Java\jdk-16\bin\nio.dll
0x00007ff82ecc0000 - 0x00007ff82ecd0000 	C:\Program Files\Java\jdk-16\bin\verify.dll

dbghelp: loaded successfully - version: 4.0.5 - missing functions: none
symbol engine: initialized successfully - sym options: 0x614 - pdb path: .;C:\Program Files\Java\jdk-16\bin;C:\WINDOWS\SYSTEM32;C:\WINDOWS\WinSxS\amd64_microsoft.windows.common-controls_6595b64144ccf1df_6.0.19041.3636_none_60b6a03d71f818d5;C:\Program Files (x86)\Citrix\ICA Client;C:\Program Files\Java\jdk-16\bin\server

VM Arguments:
jvm_args: -XX:+ShowCodeDetailsInExceptionMessages -agentlib:jdwp=transport=dt_socket,suspend=y,address=localhost:57202 -javaagent:C:\Software\eclipse-jee-2021-06-R-win32-x86_64\eclipse\configuration\org.eclipse.osgi\415\0\.cp\lib\javaagent-shaded.jar -Dfile.encoding=Cp1252 
java_command: com.reddy.CollectionsFrame.LinkedListPractise
java_class_path (initial): C:\Software\Aruna_JAVA\Learn\bin;C:\Software\eclipse-jee-2021-06-R-win32-x86_64\eclipse\plugins\org.junit.jupiter.api_5.7.1.v20210222-1948.jar;C:\Software\eclipse-jee-2021-06-R-win32-x86_64\eclipse\plugins\org.junit.jupiter.engine_5.7.1.v20210222-1948.jar;C:\Software\eclipse-jee-2021-06-R-win32-x86_64\eclipse\plugins\org.junit.jupiter.migrationsupport_5.7.1.v20210222-1948.jar;C:\Software\eclipse-jee-2021-06-R-win32-x86_64\eclipse\plugins\org.junit.jupiter.params_5.7.1.v20210222-1948.jar;C:\Software\eclipse-jee-2021-06-R-win32-x86_64\eclipse\plugins\org.junit.platform.commons_1.7.1.v20210222-1948.jar;C:\Software\eclipse-jee-2021-06-R-win32-x86_64\eclipse\plugins\org.junit.platform.engine_1.7.1.v20210222-1948.jar;C:\Software\eclipse-jee-2021-06-R-win32-x86_64\eclipse\plugins\org.junit.platform.launcher_1.7.1.v20210222-1948.jar;C:\Software\eclipse-jee-2021-06-R-win32-x86_64\eclipse\plugins\org.junit.platform.runner_1.7.1.v20210222-1948.jar;C:\Software\eclipse-jee-2021-06-R-win32-x86_64\eclipse\plugins\org.junit.platform.suite.api_1.7.1.v20210222-1948.jar;C:\Software\eclipse-jee-2021-06-R-win32-x86_64\eclipse\plugins\org.junit.vintage.engine_5.7.1.v20210222-1948.jar;C:\Software\eclipse-jee-2021-06-R-win32-x86_64\eclipse\plugins\org.opentest4j_1.2.0.v20190826-0900.jar;C:\Software\eclipse-jee-2021-06-R-win32-x86_64\eclipse\plugins\org.apiguardian_1.1.0.v20190826-0900.jar;C:\Software\eclipse-jee-2021-06-R-win32-x86_64\eclipse\plugins\org.junit_4.13.0.v20200204-1500.jar;C:\Software\eclipse-jee-2021-06-R-win32-x86_64\eclipse\plugins\org.hamcrest.core_1.3.0.v20180420-1519.jar
Launcher Type: SUN_STANDARD

[Global flags]
     intx CICompilerCount                          = 3                                         {product} {ergonomic}
     uint ConcGCThreads                            = 1                                         {product} {ergonomic}
     uint G1ConcRefinementThreads                  = 4                                         {product} {ergonomic}
   size_t G1HeapRegionSize                         = 1048576                                   {product} {ergonomic}
    uintx GCDrainStackTargetSize                   = 64                                        {product} {ergonomic}
   size_t InitialHeapSize                          = 134217728                                 {product} {ergonomic}
   size_t MarkStackSize                            = 4194304                                   {product} {ergonomic}
   size_t MaxHeapSize                              = 2124414976                                {product} {ergonomic}
   size_t MaxNewSize                               = 1274019840                                {product} {ergonomic}
   size_t MinHeapDeltaBytes                        = 1048576                                   {product} {ergonomic}
   size_t MinHeapSize                              = 8388608                                   {product} {ergonomic}
    uintx NonNMethodCodeHeapSize                   = 5832780                                {pd product} {ergonomic}
    uintx NonProfiledCodeHeapSize                  = 122912730                              {pd product} {ergonomic}
    uintx ProfiledCodeHeapSize                     = 122912730                              {pd product} {ergonomic}
    uintx ReservedCodeCacheSize                    = 251658240                              {pd product} {ergonomic}
     bool SegmentedCodeCache                       = true                                      {product} {ergonomic}
     bool ShowCodeDetailsInExceptionMessages       = true                                   {manageable} {command line}
   size_t SoftMaxHeapSize                          = 2124414976                             {manageable} {ergonomic}
     bool UseCompressedClassPointers               = true                           {product lp64_product} {ergonomic}
     bool UseCompressedOops                        = true                           {product lp64_product} {ergonomic}
     bool UseG1GC                                  = true                                      {product} {ergonomic}
     bool UseLargePagesIndividualAllocation        = false                                  {pd product} {ergonomic}

Logging:
Log output configuration:
 #0: stdout all=warning uptime,level,tags
 #1: stderr all=off uptime,level,tags

Environment Variables:
JAVA_HOME=C:\Softwares\jdk-11.0.2
PATH=C:/Software/eclipse-jee-2021-06-R-win32-x86_64/eclipse//plugins/org.eclipse.justj.openjdk.hotspot.jre.full.win32.x86_64_16.0.1.v20210528-1205/jre/bin/server;C:/Software/eclipse-jee-2021-06-R-win32-x86_64/eclipse//plugins/org.eclipse.justj.openjdk.hotspot.jre.full.win32.x86_64_16.0.1.v20210528-1205/jre/bin;C:\Program Files\Common Files\Oracle\Java\javapath;C:\WINDOWS\system32;C:\WINDOWS;C:\WINDOWS\System32\Wbem;C:\WINDOWS\System32\WindowsPowerShell\v1.0\;C:\WINDOWS\System32\OpenSSH\;C:\Program Files\Java\jdk-16\bin;C:\Program Files (x86)\Microsoft SQL Server\160\Tools\Binn\;C:\Program Files\Microsoft SQL Server\160\Tools\Binn\;C:\Program Files\Microsoft SQL Server\Client SDK\ODBC\170\Tools\Binn\;C:\Program Files\Microsoft SQL Server\160\DTS\Binn\;C:\Users\hp\AppData\Local\Microsoft\WindowsApps;C:\Users\hp\AppData\Local\Programs\Microsoft VS Code\bin;C:\Softwares\jdk-11.0.2\bin;;C:\Software\eclipse-jee-2021-06-R-win32-x86_64\eclipse;
USERNAME=hp
OS=Windows_NT
PROCESSOR_IDENTIFIER=Intel64 Family 6 Model 142 Stepping 9, GenuineIntel



---------------  S Y S T E M  ---------------

OS:
 Windows 10 , 64 bit Build 19041 (10.0.19041.3636)
OS uptime: 0 days 4:49 hours

CPU: total 4 (initial active 4) (2 cores per cpu, 2 threads per core) family 6 model 142 stepping 9 microcode 0xde, cx8, cmov, fxsr, ht, mmx, 3dnowpref, sse, sse2, sse3, ssse3, sse4.1, sse4.2, popcnt, lzcnt, tsc, tscinvbit, avx, avx2, aes, erms, clmul, bmi1, bmi2, adx, fma, vzeroupper, clflush, clflushopt

Memory: 4k page, system-wide physical 8103M (2385M free)
TotalPageFile size 15527M (AvailPageFile size 5019M)
current process WorkingSet (physical memory assigned to process): 43M, peak: 45M
current process commit charge ("private bytes"): 207M, peak: 208M

vm_info: Java HotSpot(TM) 64-Bit Server VM (16+36-2231) for windows-amd64 JRE (16+36-2231), built on Feb  8 2021 11:43:10 by "mach5one" with MS VC++ 16.7 (VS2019)

END.
