#
# A fatal error has been detected by the Java Runtime Environment:
#
#  Internal Error (generateOopMap.cpp:1635), pid=12280, tid=13852
#  Error: ShouldNotReachHere()
#
# JRE version: Java(TM) SE Runtime Environment (16.0+36) (build 16+36-2231)
# Java VM: Java HotSpot(TM) 64-Bit Server VM (16+36-2231, mixed mode, sharing, tiered, compressed oops, g1 gc, windows-amd64)
# No core dump will be written. Minidumps are not enabled by default on client versions of Windows
#
# If you would like to submit a bug report, please visit:
#   https://bugreport.java.com/bugreport/crash.jsp
#

---------------  S U M M A R Y ------------

Command Line: -XX:+ShowCodeDetailsInExceptionMessages -agentlib:jdwp=transport=dt_socket,suspend=y,address=localhost:56283 -javaagent:C:\Software\eclipse-jee-2021-06-R-win32-x86_64\eclipse\configuration\org.eclipse.osgi\415\0\.cp\lib\javaagent-shaded.jar -Dfile.encoding=Cp1252 com.reddy.CollectionsFrame.LinkedListPractise

Host: Intel(R) Core(TM) i3-7020U CPU @ 2.30GHz, 4 cores, 7G,  Windows 10 , 64 bit Build 19041 (10.0.19041.3636)
Time: Thu May  9 09:40:40 2024 India Standard Time elapsed time: 4383.791921 seconds (0d 1h 13m 3s)

---------------  T H R E A D  ---------------

Current thread (0x000001df6474ff70):  VMThread "VM Thread" [stack: 0x000000da52800000,0x000000da52900000] [id=13852]

Stack: [0x000000da52800000,0x000000da52900000]
Native frames: (J=compiled Java code, j=interpreted, Vv=VM code, C=native code)
V  [jvm.dll+0x6681da]
V  [jvm.dll+0x7c9d99]
V  [jvm.dll+0x7cb4d3]
V  [jvm.dll+0x7cbae7]
V  [jvm.dll+0x242e4c]
V  [jvm.dll+0x242d93]
V  [jvm.dll+0x32f3e7]
V  [jvm.dll+0x32f73e]
V  [jvm.dll+0x32cdbf]
V  [jvm.dll+0x32c047]
V  [jvm.dll+0x656cde]
V  [jvm.dll+0x6569e3]
V  [jvm.dll+0x61c258]
V  [jvm.dll+0x7c1835]
V  [jvm.dll+0x5205b6]
V  [jvm.dll+0x7cff2b]
V  [jvm.dll+0x7d0c24]
V  [jvm.dll+0x7d1129]
V  [jvm.dll+0x7d13e4]
V  [jvm.dll+0x7d14b0]
V  [jvm.dll+0x77952a]
V  [jvm.dll+0x667076]
C  [ucrtbase.dll+0x21bb2]
C  [KERNEL32.DLL+0x17344]
C  [ntdll.dll+0x526b1]

VM_Operation (0x000000da533ff1c0): get/set locals, mode: safepoint, requested by thread 0x000001df651ea2f0


---------------  P R O C E S S  ---------------

Threads class SMR info:
_java_thread_list=0x000001df6533c100, length=15, elements={
0x000001df470023a0, 0x000001df64757de0, 0x000001df64759090, 0x000001df6476c700,
0x000001df6476d210, 0x000001df647703d0, 0x000001df64776990, 0x000001df64778d80,
0x000001df64780630, 0x000001df64793b00, 0x000001df650bcbe0, 0x000001df651ea2f0,
0x000001df651ef010, 0x000001df651f1560, 0x000001df65345070
}

Java Threads: ( => current thread )
  0x000001df470023a0 JavaThread "main" [_thread_blocked, id=14384, stack(0x000000da52100000,0x000000da52200000)]
  0x000001df64757de0 JavaThread "Reference Handler" daemon [_thread_blocked, id=12488, stack(0x000000da52900000,0x000000da52a00000)]
  0x000001df64759090 JavaThread "Finalizer" daemon [_thread_blocked, id=11688, stack(0x000000da52a00000,0x000000da52b00000)]
  0x000001df6476c700 JavaThread "Signal Dispatcher" daemon [_thread_blocked, id=12912, stack(0x000000da52b00000,0x000000da52c00000)]
  0x000001df6476d210 JavaThread "Attach Listener" daemon [_thread_blocked, id=14556, stack(0x000000da52c00000,0x000000da52d00000)]
  0x000001df647703d0 JavaThread "Service Thread" daemon [_thread_blocked, id=15764, stack(0x000000da52d00000,0x000000da52e00000)]
  0x000001df64776990 JavaThread "Monitor Deflation Thread" daemon [_thread_blocked, id=8492, stack(0x000000da52e00000,0x000000da52f00000)]
  0x000001df64778d80 JavaThread "C2 CompilerThread0" daemon [_thread_blocked, id=904, stack(0x000000da52f00000,0x000000da53000000)]
  0x000001df64780630 JavaThread "C1 CompilerThread0" daemon [_thread_blocked, id=15432, stack(0x000000da53000000,0x000000da53100000)]
  0x000001df64793b00 JavaThread "Sweeper thread" daemon [_thread_blocked, id=11836, stack(0x000000da53100000,0x000000da53200000)]
  0x000001df650bcbe0 JavaThread "Common-Cleaner" daemon [_thread_blocked, id=11428, stack(0x000000da53200000,0x000000da53300000)]
  0x000001df651ea2f0 JavaThread "JDWP Transport Listener: dt_socket" daemon [_thread_blocked, id=12300, stack(0x000000da53300000,0x000000da53400000)]
  0x000001df651ef010 JavaThread "JDWP Event Helper Thread" daemon [_thread_blocked, id=8128, stack(0x000000da53400000,0x000000da53500000)]
  0x000001df651f1560 JavaThread "JDWP Command Reader" daemon [_thread_in_native, id=12760, stack(0x000000da53500000,0x000000da53600000)]
  0x000001df65345070 JavaThread "Notification Thread" daemon [_thread_blocked, id=5152, stack(0x000000da53600000,0x000000da53700000)]

Other Threads:
=>0x000001df6474ff70 VMThread "VM Thread" [stack: 0x000000da52800000,0x000000da52900000] [id=13852]
  0x000001df47002ef0 WatcherThread [stack: 0x000000da53700000,0x000000da53800000] [id=10796]
  0x000001df47040460 GCTaskThread "GC Thread#0" [stack: 0x000000da52300000,0x000000da52400000] [id=7784]
  0x000001df47054d90 ConcurrentGCThread "G1 Main Marker" [stack: 0x000000da52400000,0x000000da52500000] [id=13212]
  0x000001df470555b0 ConcurrentGCThread "G1 Conc#0" [stack: 0x000000da52500000,0x000000da52600000] [id=1244]
  0x000001df470ae540 ConcurrentGCThread "G1 Refine#0" [stack: 0x000000da52600000,0x000000da52700000] [id=16200]
  0x000001df646000a0 ConcurrentGCThread "G1 Service" [stack: 0x000000da52700000,0x000000da52800000] [id=2512]

Threads with active compile tasks:

VM state: at safepoint (normal execution)

VM Mutex/Monitor currently owned by a thread:  ([mutex/lock_event])
[0x000001df46ffe3f0] Threads_lock - owner thread: 0x000001df6474ff70

Heap address: 0x0000000081600000, size: 2026 MB, Compressed Oops mode: 32-bit
CDS archive(s) mapped at: [0x0000000800000000-0x0000000800bb0000-0x0000000800bb0000), size 12255232, SharedBaseAddress: 0x0000000800000000, ArchiveRelocationMode: 0.
Compressed class space mapped at: 0x0000000800c00000-0x0000000840c00000, reserved size: 1073741824
Narrow klass base: 0x0000000800000000, Narrow klass shift: 3, Narrow klass range: 0x100000000

GC Precious Log:
 CPUs: 4 total, 4 available
 Memory: 8103M
 Large Page Support: Disabled
 NUMA Support: Disabled
 Compressed Oops: Enabled (32-bit)
 Heap Region Size: 1M
 Heap Min Capacity: 8M
 Heap Initial Capacity: 128M
 Heap Max Capacity: 2026M
 Pre-touch: Disabled
 Parallel Workers: 4
 Concurrent Workers: 1
 Concurrent Refinement Workers: 4
 Periodic GC: Disabled

Heap:
 garbage-first heap   total 131072K, used 4096K [0x0000000081600000, 0x0000000100000000)
  region size 1024K, 6 young (6144K), 0 survivors (0K)
 Metaspace       used 2612K, committed 2752K, reserved 1056768K
  class space    used 222K, committed 320K, reserved 1048576K

Heap Regions: E=young(eden), S=young(survivor), O=old, HS=humongous(starts), HC=humongous(continues), CS=collection set, F=free, OA=open archive, CA=closed archive, TAMS=top-at-mark-start (previous, next)
|   0|0x0000000081600000, 0x0000000081600000, 0x0000000081700000|  0%| F|  |TAMS 0x0000000081600000, 0x0000000081600000| Untracked 
|   1|0x0000000081700000, 0x0000000081700000, 0x0000000081800000|  0%| F|  |TAMS 0x0000000081700000, 0x0000000081700000| Untracked 
|   2|0x0000000081800000, 0x0000000081800000, 0x0000000081900000|  0%| F|  |TAMS 0x0000000081800000, 0x0000000081800000| Untracked 
|   3|0x0000000081900000, 0x0000000081900000, 0x0000000081a00000|  0%| F|  |TAMS 0x0000000081900000, 0x0000000081900000| Untracked 
|   4|0x0000000081a00000, 0x0000000081a00000, 0x0000000081b00000|  0%| F|  |TAMS 0x0000000081a00000, 0x0000000081a00000| Untracked 
|   5|0x0000000081b00000, 0x0000000081b00000, 0x0000000081c00000|  0%| F|  |TAMS 0x0000000081b00000, 0x0000000081b00000| Untracked 
|   6|0x0000000081c00000, 0x0000000081c00000, 0x0000000081d00000|  0%| F|  |TAMS 0x0000000081c00000, 0x0000000081c00000| Untracked 
|   7|0x0000000081d00000, 0x0000000081d00000, 0x0000000081e00000|  0%| F|  |TAMS 0x0000000081d00000, 0x0000000081d00000| Untracked 
|   8|0x0000000081e00000, 0x0000000081e00000, 0x0000000081f00000|  0%| F|  |TAMS 0x0000000081e00000, 0x0000000081e00000| Untracked 
|   9|0x0000000081f00000, 0x0000000081f00000, 0x0000000082000000|  0%| F|  |TAMS 0x0000000081f00000, 0x0000000081f00000| Untracked 
|  10|0x0000000082000000, 0x0000000082000000, 0x0000000082100000|  0%| F|  |TAMS 0x0000000082000000, 0x0000000082000000| Untracked 
|  11|0x0000000082100000, 0x0000000082100000, 0x0000000082200000|  0%| F|  |TAMS 0x0000000082100000, 0x0000000082100000| Untracked 
|  12|0x0000000082200000, 0x0000000082200000, 0x0000000082300000|  0%| F|  |TAMS 0x0000000082200000, 0x0000000082200000| Untracked 
|  13|0x0000000082300000, 0x0000000082300000, 0x0000000082400000|  0%| F|  |TAMS 0x0000000082300000, 0x0000000082300000| Untracked 
|  14|0x0000000082400000, 0x0000000082400000, 0x0000000082500000|  0%| F|  |TAMS 0x0000000082400000, 0x0000000082400000| Untracked 
|  15|0x0000000082500000, 0x0000000082500000, 0x0000000082600000|  0%| F|  |TAMS 0x0000000082500000, 0x0000000082500000| Untracked 
|  16|0x0000000082600000, 0x0000000082600000, 0x0000000082700000|  0%| F|  |TAMS 0x0000000082600000, 0x0000000082600000| Untracked 
|  17|0x0000000082700000, 0x0000000082700000, 0x0000000082800000|  0%| F|  |TAMS 0x0000000082700000, 0x0000000082700000| Untracked 
|  18|0x0000000082800000, 0x0000000082800000, 0x0000000082900000|  0%| F|  |TAMS 0x0000000082800000, 0x0000000082800000| Untracked 
|  19|0x0000000082900000, 0x0000000082900000, 0x0000000082a00000|  0%| F|  |TAMS 0x0000000082900000, 0x0000000082900000| Untracked 
|  20|0x0000000082a00000, 0x0000000082a00000, 0x0000000082b00000|  0%| F|  |TAMS 0x0000000082a00000, 0x0000000082a00000| Untracked 
|  21|0x0000000082b00000, 0x0000000082b00000, 0x0000000082c00000|  0%| F|  |TAMS 0x0000000082b00000, 0x0000000082b00000| Untracked 
|  22|0x0000000082c00000, 0x0000000082c00000, 0x0000000082d00000|  0%| F|  |TAMS 0x0000000082c00000, 0x0000000082c00000| Untracked 
|  23|0x0000000082d00000, 0x0000000082d00000, 0x0000000082e00000|  0%| F|  |TAMS 0x0000000082d00000, 0x0000000082d00000| Untracked 
|  24|0x0000000082e00000, 0x0000000082e00000, 0x0000000082f00000|  0%| F|  |TAMS 0x0000000082e00000, 0x0000000082e00000| Untracked 
|  25|0x0000000082f00000, 0x0000000082f00000, 0x0000000083000000|  0%| F|  |TAMS 0x0000000082f00000, 0x0000000082f00000| Untracked 
|  26|0x0000000083000000, 0x0000000083000000, 0x0000000083100000|  0%| F|  |TAMS 0x0000000083000000, 0x0000000083000000| Untracked 
|  27|0x0000000083100000, 0x0000000083100000, 0x0000000083200000|  0%| F|  |TAMS 0x0000000083100000, 0x0000000083100000| Untracked 
|  28|0x0000000083200000, 0x0000000083200000, 0x0000000083300000|  0%| F|  |TAMS 0x0000000083200000, 0x0000000083200000| Untracked 
|  29|0x0000000083300000, 0x0000000083300000, 0x0000000083400000|  0%| F|  |TAMS 0x0000000083300000, 0x0000000083300000| Untracked 
|  30|0x0000000083400000, 0x0000000083400000, 0x0000000083500000|  0%| F|  |TAMS 0x0000000083400000, 0x0000000083400000| Untracked 
|  31|0x0000000083500000, 0x0000000083500000, 0x0000000083600000|  0%| F|  |TAMS 0x0000000083500000, 0x0000000083500000| Untracked 
|  32|0x0000000083600000, 0x0000000083600000, 0x0000000083700000|  0%| F|  |TAMS 0x0000000083600000, 0x0000000083600000| Untracked 
|  33|0x0000000083700000, 0x0000000083700000, 0x0000000083800000|  0%| F|  |TAMS 0x0000000083700000, 0x0000000083700000| Untracked 
|  34|0x0000000083800000, 0x0000000083800000, 0x0000000083900000|  0%| F|  |TAMS 0x0000000083800000, 0x0000000083800000| Untracked 
|  35|0x0000000083900000, 0x0000000083900000, 0x0000000083a00000|  0%| F|  |TAMS 0x0000000083900000, 0x0000000083900000| Untracked 
|  36|0x0000000083a00000, 0x0000000083a00000, 0x0000000083b00000|  0%| F|  |TAMS 0x0000000083a00000, 0x0000000083a00000| Untracked 
|  37|0x0000000083b00000, 0x0000000083b00000, 0x0000000083c00000|  0%| F|  |TAMS 0x0000000083b00000, 0x0000000083b00000| Untracked 
|  38|0x0000000083c00000, 0x0000000083c00000, 0x0000000083d00000|  0%| F|  |TAMS 0x0000000083c00000, 0x0000000083c00000| Untracked 
|  39|0x0000000083d00000, 0x0000000083d00000, 0x0000000083e00000|  0%| F|  |TAMS 0x0000000083d00000, 0x0000000083d00000| Untracked 
|  40|0x0000000083e00000, 0x0000000083e00000, 0x0000000083f00000|  0%| F|  |TAMS 0x0000000083e00000, 0x0000000083e00000| Untracked 
|  41|0x0000000083f00000, 0x0000000083f00000, 0x0000000084000000|  0%| F|  |TAMS 0x0000000083f00000, 0x0000000083f00000| Untracked 
|  42|0x0000000084000000, 0x0000000084000000, 0x0000000084100000|  0%| F|  |TAMS 0x0000000084000000, 0x0000000084000000| Untracked 
|  43|0x0000000084100000, 0x0000000084100000, 0x0000000084200000|  0%| F|  |TAMS 0x0000000084100000, 0x0000000084100000| Untracked 
|  44|0x0000000084200000, 0x0000000084200000, 0x0000000084300000|  0%| F|  |TAMS 0x0000000084200000, 0x0000000084200000| Untracked 
|  45|0x0000000084300000, 0x0000000084300000, 0x0000000084400000|  0%| F|  |TAMS 0x0000000084300000, 0x0000000084300000| Untracked 
|  46|0x0000000084400000, 0x0000000084400000, 0x0000000084500000|  0%| F|  |TAMS 0x0000000084400000, 0x0000000084400000| Untracked 
|  47|0x0000000084500000, 0x0000000084500000, 0x0000000084600000|  0%| F|  |TAMS 0x0000000084500000, 0x0000000084500000| Untracked 
|  48|0x0000000084600000, 0x0000000084600000, 0x0000000084700000|  0%| F|  |TAMS 0x0000000084600000, 0x0000000084600000| Untracked 
|  49|0x0000000084700000, 0x0000000084700000, 0x0000000084800000|  0%| F|  |TAMS 0x0000000084700000, 0x0000000084700000| Untracked 
|  50|0x0000000084800000, 0x0000000084800000, 0x0000000084900000|  0%| F|  |TAMS 0x0000000084800000, 0x0000000084800000| Untracked 
|  51|0x0000000084900000, 0x0000000084900000, 0x0000000084a00000|  0%| F|  |TAMS 0x0000000084900000, 0x0000000084900000| Untracked 
|  52|0x0000000084a00000, 0x0000000084a00000, 0x0000000084b00000|  0%| F|  |TAMS 0x0000000084a00000, 0x0000000084a00000| Untracked 
|  53|0x0000000084b00000, 0x0000000084b00000, 0x0000000084c00000|  0%| F|  |TAMS 0x0000000084b00000, 0x0000000084b00000| Untracked 
|  54|0x0000000084c00000, 0x0000000084c00000, 0x0000000084d00000|  0%| F|  |TAMS 0x0000000084c00000, 0x0000000084c00000| Untracked 
|  55|0x0000000084d00000, 0x0000000084d00000, 0x0000000084e00000|  0%| F|  |TAMS 0x0000000084d00000, 0x0000000084d00000| Untracked 
|  56|0x0000000084e00000, 0x0000000084e00000, 0x0000000084f00000|  0%| F|  |TAMS 0x0000000084e00000, 0x0000000084e00000| Untracked 
|  57|0x0000000084f00000, 0x0000000084f00000, 0x0000000085000000|  0%| F|  |TAMS 0x0000000084f00000, 0x0000000084f00000| Untracked 
|  58|0x0000000085000000, 0x0000000085000000, 0x0000000085100000|  0%| F|  |TAMS 0x0000000085000000, 0x0000000085000000| Untracked 
|  59|0x0000000085100000, 0x0000000085100000, 0x0000000085200000|  0%| F|  |TAMS 0x0000000085100000, 0x0000000085100000| Untracked 
|  60|0x0000000085200000, 0x0000000085200000, 0x0000000085300000|  0%| F|  |TAMS 0x0000000085200000, 0x0000000085200000| Untracked 
|  61|0x0000000085300000, 0x0000000085300000, 0x0000000085400000|  0%| F|  |TAMS 0x0000000085300000, 0x0000000085300000| Untracked 
|  62|0x0000000085400000, 0x0000000085400000, 0x0000000085500000|  0%| F|  |TAMS 0x0000000085400000, 0x0000000085400000| Untracked 
|  63|0x0000000085500000, 0x0000000085500000, 0x0000000085600000|  0%| F|  |TAMS 0x0000000085500000, 0x0000000085500000| Untracked 
|  64|0x0000000085600000, 0x0000000085600000, 0x0000000085700000|  0%| F|  |TAMS 0x0000000085600000, 0x0000000085600000| Untracked 
|  65|0x0000000085700000, 0x0000000085700000, 0x0000000085800000|  0%| F|  |TAMS 0x0000000085700000, 0x0000000085700000| Untracked 
|  66|0x0000000085800000, 0x0000000085800000, 0x0000000085900000|  0%| F|  |TAMS 0x0000000085800000, 0x0000000085800000| Untracked 
|  67|0x0000000085900000, 0x0000000085900000, 0x0000000085a00000|  0%| F|  |TAMS 0x0000000085900000, 0x0000000085900000| Untracked 
|  68|0x0000000085a00000, 0x0000000085a00000, 0x0000000085b00000|  0%| F|  |TAMS 0x0000000085a00000, 0x0000000085a00000| Untracked 
|  69|0x0000000085b00000, 0x0000000085b00000, 0x0000000085c00000|  0%| F|  |TAMS 0x0000000085b00000, 0x0000000085b00000| Untracked 
|  70|0x0000000085c00000, 0x0000000085c00000, 0x0000000085d00000|  0%| F|  |TAMS 0x0000000085c00000, 0x0000000085c00000| Untracked 
|  71|0x0000000085d00000, 0x0000000085d00000, 0x0000000085e00000|  0%| F|  |TAMS 0x0000000085d00000, 0x0000000085d00000| Untracked 
|  72|0x0000000085e00000, 0x0000000085e00000, 0x0000000085f00000|  0%| F|  |TAMS 0x0000000085e00000, 0x0000000085e00000| Untracked 
|  73|0x0000000085f00000, 0x0000000085f00000, 0x0000000086000000|  0%| F|  |TAMS 0x0000000085f00000, 0x0000000085f00000| Untracked 
|  74|0x0000000086000000, 0x0000000086000000, 0x0000000086100000|  0%| F|  |TAMS 0x0000000086000000, 0x0000000086000000| Untracked 
|  75|0x0000000086100000, 0x0000000086100000, 0x0000000086200000|  0%| F|  |TAMS 0x0000000086100000, 0x0000000086100000| Untracked 
|  76|0x0000000086200000, 0x0000000086200000, 0x0000000086300000|  0%| F|  |TAMS 0x0000000086200000, 0x0000000086200000| Untracked 
|  77|0x0000000086300000, 0x0000000086300000, 0x0000000086400000|  0%| F|  |TAMS 0x0000000086300000, 0x0000000086300000| Untracked 
|  78|0x0000000086400000, 0x0000000086400000, 0x0000000086500000|  0%| F|  |TAMS 0x0000000086400000, 0x0000000086400000| Untracked 
|  79|0x0000000086500000, 0x0000000086500000, 0x0000000086600000|  0%| F|  |TAMS 0x0000000086500000, 0x0000000086500000| Untracked 
|  80|0x0000000086600000, 0x0000000086600000, 0x0000000086700000|  0%| F|  |TAMS 0x0000000086600000, 0x0000000086600000| Untracked 
|  81|0x0000000086700000, 0x0000000086700000, 0x0000000086800000|  0%| F|  |TAMS 0x0000000086700000, 0x0000000086700000| Untracked 
|  82|0x0000000086800000, 0x0000000086800000, 0x0000000086900000|  0%| F|  |TAMS 0x0000000086800000, 0x0000000086800000| Untracked 
|  83|0x0000000086900000, 0x0000000086900000, 0x0000000086a00000|  0%| F|  |TAMS 0x0000000086900000, 0x0000000086900000| Untracked 
|  84|0x0000000086a00000, 0x0000000086a00000, 0x0000000086b00000|  0%| F|  |TAMS 0x0000000086a00000, 0x0000000086a00000| Untracked 
|  85|0x0000000086b00000, 0x0000000086b00000, 0x0000000086c00000|  0%| F|  |TAMS 0x0000000086b00000, 0x0000000086b00000| Untracked 
|  86|0x0000000086c00000, 0x0000000086c00000, 0x0000000086d00000|  0%| F|  |TAMS 0x0000000086c00000, 0x0000000086c00000| Untracked 
|  87|0x0000000086d00000, 0x0000000086d00000, 0x0000000086e00000|  0%| F|  |TAMS 0x0000000086d00000, 0x0000000086d00000| Untracked 
|  88|0x0000000086e00000, 0x0000000086e00000, 0x0000000086f00000|  0%| F|  |TAMS 0x0000000086e00000, 0x0000000086e00000| Untracked 
|  89|0x0000000086f00000, 0x0000000086f00000, 0x0000000087000000|  0%| F|  |TAMS 0x0000000086f00000, 0x0000000086f00000| Untracked 
|  90|0x0000000087000000, 0x0000000087000000, 0x0000000087100000|  0%| F|  |TAMS 0x0000000087000000, 0x0000000087000000| Untracked 
|  91|0x0000000087100000, 0x0000000087100000, 0x0000000087200000|  0%| F|  |TAMS 0x0000000087100000, 0x0000000087100000| Untracked 
|  92|0x0000000087200000, 0x0000000087200000, 0x0000000087300000|  0%| F|  |TAMS 0x0000000087200000, 0x0000000087200000| Untracked 
|  93|0x0000000087300000, 0x0000000087300000, 0x0000000087400000|  0%| F|  |TAMS 0x0000000087300000, 0x0000000087300000| Untracked 
|  94|0x0000000087400000, 0x0000000087400000, 0x0000000087500000|  0%| F|  |TAMS 0x0000000087400000, 0x0000000087400000| Untracked 
|  95|0x0000000087500000, 0x0000000087500000, 0x0000000087600000|  0%| F|  |TAMS 0x0000000087500000, 0x0000000087500000| Untracked 
|  96|0x0000000087600000, 0x0000000087600000, 0x0000000087700000|  0%| F|  |TAMS 0x0000000087600000, 0x0000000087600000| Untracked 
|  97|0x0000000087700000, 0x0000000087700000, 0x0000000087800000|  0%| F|  |TAMS 0x0000000087700000, 0x0000000087700000| Untracked 
|  98|0x0000000087800000, 0x0000000087800000, 0x0000000087900000|  0%| F|  |TAMS 0x0000000087800000, 0x0000000087800000| Untracked 
|  99|0x0000000087900000, 0x0000000087900000, 0x0000000087a00000|  0%| F|  |TAMS 0x0000000087900000, 0x0000000087900000| Untracked 
| 100|0x0000000087a00000, 0x0000000087a00000, 0x0000000087b00000|  0%| F|  |TAMS 0x0000000087a00000, 0x0000000087a00000| Untracked 
| 101|0x0000000087b00000, 0x0000000087b00000, 0x0000000087c00000|  0%| F|  |TAMS 0x0000000087b00000, 0x0000000087b00000| Untracked 
| 102|0x0000000087c00000, 0x0000000087c00000, 0x0000000087d00000|  0%| F|  |TAMS 0x0000000087c00000, 0x0000000087c00000| Untracked 
| 103|0x0000000087d00000, 0x0000000087d00000, 0x0000000087e00000|  0%| F|  |TAMS 0x0000000087d00000, 0x0000000087d00000| Untracked 
| 104|0x0000000087e00000, 0x0000000087e00000, 0x0000000087f00000|  0%| F|  |TAMS 0x0000000087e00000, 0x0000000087e00000| Untracked 
| 105|0x0000000087f00000, 0x0000000087f00000, 0x0000000088000000|  0%| F|  |TAMS 0x0000000087f00000, 0x0000000087f00000| Untracked 
| 106|0x0000000088000000, 0x0000000088000000, 0x0000000088100000|  0%| F|  |TAMS 0x0000000088000000, 0x0000000088000000| Untracked 
| 107|0x0000000088100000, 0x0000000088100000, 0x0000000088200000|  0%| F|  |TAMS 0x0000000088100000, 0x0000000088100000| Untracked 
| 108|0x0000000088200000, 0x0000000088200000, 0x0000000088300000|  0%| F|  |TAMS 0x0000000088200000, 0x0000000088200000| Untracked 
| 109|0x0000000088300000, 0x0000000088300000, 0x0000000088400000|  0%| F|  |TAMS 0x0000000088300000, 0x0000000088300000| Untracked 
| 110|0x0000000088400000, 0x0000000088400000, 0x0000000088500000|  0%| F|  |TAMS 0x0000000088400000, 0x0000000088400000| Untracked 
| 111|0x0000000088500000, 0x0000000088500000, 0x0000000088600000|  0%| F|  |TAMS 0x0000000088500000, 0x0000000088500000| Untracked 
| 112|0x0000000088600000, 0x0000000088600000, 0x0000000088700000|  0%| F|  |TAMS 0x0000000088600000, 0x0000000088600000| Untracked 
| 113|0x0000000088700000, 0x0000000088700000, 0x0000000088800000|  0%| F|  |TAMS 0x0000000088700000, 0x0000000088700000| Untracked 
| 114|0x0000000088800000, 0x0000000088800000, 0x0000000088900000|  0%| F|  |TAMS 0x0000000088800000, 0x0000000088800000| Untracked 
| 115|0x0000000088900000, 0x0000000088900000, 0x0000000088a00000|  0%| F|  |TAMS 0x0000000088900000, 0x0000000088900000| Untracked 
| 116|0x0000000088a00000, 0x0000000088a00000, 0x0000000088b00000|  0%| F|  |TAMS 0x0000000088a00000, 0x0000000088a00000| Untracked 
| 117|0x0000000088b00000, 0x0000000088b00000, 0x0000000088c00000|  0%| F|  |TAMS 0x0000000088b00000, 0x0000000088b00000| Untracked 
| 118|0x0000000088c00000, 0x0000000088c00000, 0x0000000088d00000|  0%| F|  |TAMS 0x0000000088c00000, 0x0000000088c00000| Untracked 
| 119|0x0000000088d00000, 0x0000000088d00000, 0x0000000088e00000|  0%| F|  |TAMS 0x0000000088d00000, 0x0000000088d00000| Untracked 
| 120|0x0000000088e00000, 0x0000000088e00000, 0x0000000088f00000|  0%| F|  |TAMS 0x0000000088e00000, 0x0000000088e00000| Untracked 
| 121|0x0000000088f00000, 0x0000000088f00000, 0x0000000089000000|  0%| F|  |TAMS 0x0000000088f00000, 0x0000000088f00000| Untracked 
| 122|0x0000000089000000, 0x000000008908e648, 0x0000000089100000| 55%| E|  |TAMS 0x0000000089000000, 0x0000000089000000| Complete 
| 123|0x0000000089100000, 0x0000000089200000, 0x0000000089200000|100%| E|  |TAMS 0x0000000089100000, 0x0000000089100000| Complete 
| 124|0x0000000089200000, 0x0000000089300000, 0x0000000089300000|100%| E|CS|TAMS 0x0000000089200000, 0x0000000089200000| Complete 
| 125|0x0000000089300000, 0x0000000089400000, 0x0000000089400000|100%| E|CS|TAMS 0x0000000089300000, 0x0000000089300000| Complete 
| 126|0x0000000089400000, 0x0000000089500000, 0x0000000089500000|100%| E|CS|TAMS 0x0000000089400000, 0x0000000089400000| Complete 
| 127|0x0000000089500000, 0x0000000089600000, 0x0000000089600000|100%| E|CS|TAMS 0x0000000089500000, 0x0000000089500000| Complete 

Card table byte_map: [0x000001df5db40000,0x000001df5df40000] _byte_map_base: 0x000001df5d735000

Marking Bits (Prev, Next): (CMBitMap*) 0x000001df47042920, (CMBitMap*) 0x000001df47042960
 Prev Bits: [0x000001df5e340000, 0x000001df602e8000)
 Next Bits: [0x000001df602f0000, 0x000001df62298000)

Polling page: 0x000001df44ef0000

Metaspace:

Usage:
  Non-class:      2.33 MB used.
      Class:    222.99 KB used.
       Both:      2.55 MB used.

Virtual space:
  Non-class space:        8.00 MB reserved,       2.38 MB ( 30%) committed,  1 nodes.
      Class space:        1.00 GB reserved,     320.00 KB ( <1%) committed,  1 nodes.
              Both:        1.01 GB reserved,       2.69 MB ( <1%) committed. 

Chunk freelists:
   Non-Class:  3.75 MB
       Class:  3.73 MB
        Both:  7.48 MB

MaxMetaspaceSize: 17179869184.00 GB
CompressedClassSpaceSize: 1.00 GB
 - commit_granule_bytes: 65536.
 - commit_granule_words: 8192.
 - virtual_space_node_default_size: 1048576.
 - enlarge_chunks_in_place: 1.
 - new_chunks_are_fully_committed: 0.
 - uncommit_free_chunks: 1.
 - use_allocation_guard: 0.
 - handle_deallocations: 1.


Internal statistics:

num_allocs_failed_limit: 0.
num_arena_births: 10.
num_arena_deaths: 0.
num_vsnodes_births: 2.
num_vsnodes_deaths: 0.
num_space_committed: 43.
num_space_uncommitted: 0.
num_chunks_returned_to_freelist: 0.
num_chunks_taken_from_freelist: 32.
num_chunk_merges: 0.
num_chunk_splits: 16.
num_chunks_enlarged: 9.
num_purges: 0.

CodeHeap 'non-profiled nmethods': size=120000Kb used=144Kb max_used=144Kb free=119855Kb
 bounds [0x000001df56210000, 0x000001df56480000, 0x000001df5d740000]
CodeHeap 'profiled nmethods': size=120000Kb used=607Kb max_used=607Kb free=119392Kb
 bounds [0x000001df4ece0000, 0x000001df4ef50000, 0x000001df56210000]
CodeHeap 'non-nmethods': size=5760Kb used=1210Kb max_used=1229Kb free=4549Kb
 bounds [0x000001df4e740000, 0x000001df4e9b0000, 0x000001df4ece0000]
 total_blobs=848 nmethods=428 adapters=333
 compilation: enabled
              stopped_count=0, restarted_count=0
 full_count=0

Compilation events (20 events):
Event: 1.050 Thread 0x000001df64780630 nmethod 420 0x000001df4ed73e90 code [0x000001df4ed74080, 0x000001df4ed74518]
Event: 1.051 Thread 0x000001df64780630  421   !   3       java.security.cert.Certificate::equals (38 bytes)
Event: 1.052 Thread 0x000001df64780630 nmethod 421 0x000001df4ed74690 code [0x000001df4ed74920, 0x000001df4ed75748]
Event: 1.052 Thread 0x000001df64780630  422       3       sun.security.x509.X509CertImpl::getEncodedInternal (20 bytes)
Event: 1.053 Thread 0x000001df64780630 nmethod 422 0x000001df4ed75c10 code [0x000001df4ed75e00, 0x000001df4ed76378]
Event: 1.054 Thread 0x000001df64780630  423       3       java.lang.StringConcatHelper::stringOf (20 bytes)
Event: 1.054 Thread 0x000001df64780630 nmethod 423 0x000001df4ed76510 code [0x000001df4ed766c0, 0x000001df4ed76908]
Event: 1.054 Thread 0x000001df64780630  424       3       java.lang.StringConcatHelper::mix (27 bytes)
Event: 1.055 Thread 0x000001df64780630 nmethod 424 0x000001df4ed76a10 code [0x000001df4ed76c00, 0x000001df4ed77028]
Event: 1.055 Thread 0x000001df64780630  425       3       java.lang.StringConcatHelper::checkOverflow (17 bytes)
Event: 1.055 Thread 0x000001df64780630 nmethod 425 0x000001df4ed77210 code [0x000001df4ed773c0, 0x000001df4ed775c8]
Event: 1.056 Thread 0x000001df64780630  426       1       java.net.URL::getRef (5 bytes)
Event: 1.057 Thread 0x000001df64780630 nmethod 426 0x000001df56232990 code [0x000001df56232b20, 0x000001df56232bf8]
Event: 1.075 Thread 0x000001df64778d80 nmethod 410 0x000001df56232c90 code [0x000001df56232e40, 0x000001df56233e58]
Event: 4205.003 Thread 0x000001df64780630  427       3       org.eclipse.jdt.launching.internal.org.objectweb.asm.ClassReader::readUnsignedShort (26 bytes)
Event: 4205.003 Thread 0x000001df64780630 nmethod 427 0x000001df4ed77690 code [0x000001df4ed77840, 0x000001df4ed779b8]
Event: 4205.003 Thread 0x000001df64780630  428       3       java.lang.String::<init> (74 bytes)
Event: 4205.006 Thread 0x000001df64780630 

Event: 4205.006 Thread 0x000001df64780630  429       3       java.lang.StringUTF16::compress (20 bytes)
Event: 4205.007 Thread 0x000001df64780630 nmethod 429 0x000001df4ed77a90 code [0x000001df4ed77c40, 0x000001df4ed77ea8]

GC Heap History (0 events):
No events

Deoptimization events (20 events):
Event: 1.026 Thread 0x000001df470023a0 DEOPT PACKING pc=0x000001df4ed59770 sp=0x000000da521fbbc0
Event: 1.027 Thread 0x000001df470023a0 DEOPT UNPACKING pc=0x000001df4e78dece sp=0x000000da521fb028 mode 0
Event: 1.028 Thread 0x000001df470023a0 DEOPT PACKING pc=0x000001df4ed5985b sp=0x000000da521fbbc0
Event: 1.028 Thread 0x000001df470023a0 DEOPT UNPACKING pc=0x000001df4e78dece sp=0x000000da521fb028 mode 0
Event: 1.033 Thread 0x000001df470023a0 DEOPT PACKING pc=0x000001df4ed5985b sp=0x000000da521f8110
Event: 1.033 Thread 0x000001df470023a0 DEOPT UNPACKING pc=0x000001df4e78dece sp=0x000000da521f7578 mode 0
Event: 1.039 Thread 0x000001df470023a0 DEOPT PACKING pc=0x000001df4ed5985b sp=0x000000da521fbaf0
Event: 1.039 Thread 0x000001df470023a0 DEOPT UNPACKING pc=0x000001df4e78dece sp=0x000000da521faf58 mode 0
Event: 1.043 Thread 0x000001df470023a0 DEOPT PACKING pc=0x000001df4ed5985b sp=0x000000da521fbbc0
Event: 1.043 Thread 0x000001df470023a0 DEOPT UNPACKING pc=0x000001df4e78dece sp=0x000000da521fb028 mode 0
Event: 1.055 Thread 0x000001df470023a0 DEOPT PACKING pc=0x000001df4ed59770 sp=0x000000da521f7d80
Event: 1.055 Thread 0x000001df470023a0 DEOPT UNPACKING pc=0x000001df4e78dece sp=0x000000da521f71e8 mode 0
Event: 1.055 Thread 0x000001df470023a0 DEOPT PACKING pc=0x000001df4ed59770 sp=0x000000da521f7d80
Event: 1.055 Thread 0x000001df470023a0 DEOPT UNPACKING pc=0x000001df4e78dece sp=0x000000da521f71e8 mode 0
Event: 1.056 Thread 0x000001df470023a0 DEOPT PACKING pc=0x000001df4ed59770 sp=0x000000da521f7d80
Event: 1.056 Thread 0x000001df470023a0 DEOPT UNPACKING pc=0x000001df4e78dece sp=0x000000da521f71e8 mode 0
Event: 1.056 Thread 0x000001df470023a0 DEOPT PACKING pc=0x000001df4ed59770 sp=0x000000da521f7d80
Event: 1.056 Thread 0x000001df470023a0 DEOPT UNPACKING pc=0x000001df4e78dece sp=0x000000da521f71e8 mode 0
Event: 1.059 Thread 0x000001df470023a0 DEOPT PACKING pc=0x000001df4ed5985b sp=0x000000da521f7d80
Event: 1.059 Thread 0x000001df470023a0 DEOPT UNPACKING pc=0x000001df4e78dece sp=0x000000da521f71e8 mode 0

Classes unloaded (0 events):
No events

Classes redefined (2 events):
Event: 4036.290 Thread 0x000001df6474ff70 redefined class name=com.reddy.CollectionsFrame.LinkedListPractise, count=1
Event: 4205.004 Thread 0x000001df6474ff70 redefined class name=com.reddy.CollectionsFrame.LinkedListPractise, count=2

Internal exceptions (1 events):
Event: 0.932 Thread 0x000001df470023a0 Exception <a 'java/lang/NoSuchMethodError'{0x000000008916a628}: 'java.lang.Object java.lang.invoke.DirectMethodHandle$Holder.invokeStatic(java.lang.Object)'> (0x000000008916a628) 
thrown [t:\workspace\open\src\hotspot\share\interpreter\linkResolver.cpp, line 790]

Events (20 events):
Event: 4381.787 Executing  VM operation: ChangeSingleStep done
Event: 4381.790 Executing  VM operation: ChangeSingleStep
Event: 4381.790 Executing  VM operation: ChangeSingleStep done
Event: 4381.791 Executing  VM operation: ChangeSingleStep
Event: 4381.791 Executing  VM operation: ChangeSingleStep done
Event: 4381.795 Executing  VM operation: ChangeSingleStep
Event: 4381.795 Executing  VM operation: ChangeSingleStep done
Event: 4381.797 Executing  VM operation: get/set locals
Event: 4381.797 Executing  VM operation: get/set locals done
Event: 4381.798 Executing  VM operation: get receiver
Event: 4381.798 Executing  VM operation: get receiver done
Event: 4381.799 Executing  VM operation: ChangeSingleStep
Event: 4381.799 Executing  VM operation: ChangeSingleStep done
Event: 4381.800 Executing  VM operation: ChangeSingleStep
Event: 4381.800 Executing  VM operation: ChangeSingleStep done
Event: 4381.801 Executing  VM operation: ChangeSingleStep
Event: 4381.801 Executing  VM operation: ChangeSingleStep done
Event: 4381.803 Executing  VM operation: ChangeSingleStep
Event: 4381.803 Executing  VM operation: ChangeSingleStep done
Event: 4383.788 Executing  VM operation: get/set locals


Dynamic libraries:
0x00007ff7afd60000 - 0x00007ff7afd70000 	C:\Program Files\Java\jdk-16\bin\javaw.exe
0x00007ff855910000 - 0x00007ff855b08000 	C:\WINDOWS\SYSTEM32\ntdll.dll
0x00007ff854ca0000 - 0x00007ff854d5d000 	C:\WINDOWS\System32\KERNEL32.DLL
0x00007ff853640000 - 0x00007ff853936000 	C:\WINDOWS\System32\KERNELBASE.dll
0x00007ff8530e0000 - 0x00007ff8531e0000 	C:\WINDOWS\System32\ucrtbase.dll
0x00007ff82fe30000 - 0x00007ff82fe48000 	C:\Program Files\Java\jdk-16\bin\jli.dll
0x00007ff855460000 - 0x00007ff855510000 	C:\WINDOWS\System32\ADVAPI32.dll
0x00007ff853a30000 - 0x00007ff853ace000 	C:\WINDOWS\System32\msvcrt.dll
0x00007ff854c00000 - 0x00007ff854ca0000 	C:\WINDOWS\System32\sechost.dll
0x00007ff855160000 - 0x00007ff855283000 	C:\WINDOWS\System32\RPCRT4.dll
0x00007ff853250000 - 0x00007ff853277000 	C:\WINDOWS\System32\bcrypt.dll
0x00007ff8555c0000 - 0x00007ff85575f000 	C:\WINDOWS\System32\USER32.dll
0x00007ff852fc0000 - 0x00007ff852fe2000 	C:\WINDOWS\System32\win32u.dll
0x00007ff8557e0000 - 0x00007ff85580b000 	C:\WINDOWS\System32\GDI32.dll
0x00007ff853280000 - 0x00007ff853397000 	C:\WINDOWS\System32\gdi32full.dll
0x00007ff852ff0000 - 0x00007ff85308d000 	C:\WINDOWS\System32\msvcp_win.dll
0x00007ff82ef10000 - 0x00007ff82ef29000 	C:\Program Files\Java\jdk-16\bin\VCRUNTIME140.dll
0x00007ff8516e0000 - 0x00007ff85197a000 	C:\WINDOWS\WinSxS\amd64_microsoft.windows.common-controls_6595b64144ccf1df_6.0.19041.3636_none_60b6a03d71f818d5\COMCTL32.dll
0x00007ff84e1a0000 - 0x00007ff84e1aa000 	C:\WINDOWS\SYSTEM32\VERSION.dll
0x00007ff855420000 - 0x00007ff855452000 	C:\WINDOWS\System32\IMM32.DLL
0x00007ff83b340000 - 0x00007ff83b4a4000 	C:\Program Files (x86)\Citrix\ICA Client\ctxapclient64.dll
0x00007ff853f40000 - 0x00007ff854293000 	C:\WINDOWS\System32\combase.dll
0x00007ff852c20000 - 0x00007ff852c53000 	C:\WINDOWS\SYSTEM32\ntmarta.dll
0x00007ff853450000 - 0x00007ff8534d2000 	C:\WINDOWS\System32\bcryptprimitives.dll
0x00007ff8509c0000 - 0x00007ff8509d2000 	C:\WINDOWS\SYSTEM32\kernel.appcore.dll
0x00007ff83b1d0000 - 0x00007ff83b1dc000 	C:\Program Files\Java\jdk-16\bin\vcruntime140_1.dll
0x00007ff8216e0000 - 0x00007ff821771000 	C:\Program Files\Java\jdk-16\bin\msvcp140.dll
0x00007ff810090000 - 0x00007ff810c3b000 	C:\Program Files\Java\jdk-16\bin\server\jvm.dll
0x00007ff854a10000 - 0x00007ff854a18000 	C:\WINDOWS\System32\PSAPI.DLL
0x00007ff84e2a0000 - 0x00007ff84e2a9000 	C:\WINDOWS\SYSTEM32\WSOCK32.dll
0x00007ff855390000 - 0x00007ff8553fb000 	C:\WINDOWS\System32\WS2_32.dll
0x00007ff83c710000 - 0x00007ff83c737000 	C:\WINDOWS\SYSTEM32\WINMM.dll
0x00007ff82ff40000 - 0x00007ff82ff4a000 	C:\Program Files\Java\jdk-16\bin\jimage.dll
0x00007ff852950000 - 0x00007ff852b34000 	C:\WINDOWS\SYSTEM32\DBGHELP.DLL
0x00007ff851e60000 - 0x00007ff851e94000 	C:\WINDOWS\SYSTEM32\dbgcore.DLL
0x00007ff82de30000 - 0x00007ff82de6b000 	C:\Program Files\Java\jdk-16\bin\jdwp.dll
0x00007ff82fca0000 - 0x00007ff82fcae000 	C:\Program Files\Java\jdk-16\bin\instrument.dll
0x00007ff82eee0000 - 0x00007ff82ef05000 	C:\Program Files\Java\jdk-16\bin\java.dll
0x00007ff8542a0000 - 0x00007ff854a0b000 	C:\WINDOWS\System32\SHELL32.dll
0x00007ff850a20000 - 0x00007ff8511be000 	C:\WINDOWS\SYSTEM32\windows.storage.dll
0x00007ff8525f0000 - 0x00007ff85261e000 	C:\WINDOWS\SYSTEM32\Wldp.dll
0x00007ff854dc0000 - 0x00007ff854e8d000 	C:\WINDOWS\System32\OLEAUT32.dll
0x00007ff854a20000 - 0x00007ff854acd000 	C:\WINDOWS\System32\SHCORE.dll
0x000001df65000000 - 0x000001df65055000 	C:\WINDOWS\System32\shlwapi.dll
0x00007ff852ef0000 - 0x00007ff852f13000 	C:\WINDOWS\SYSTEM32\profapi.dll
0x00007ff82ecd0000 - 0x00007ff82ecdc000 	C:\Program Files\Java\jdk-16\bin\dt_socket.dll
0x00007ff852050000 - 0x00007ff85208b000 	C:\WINDOWS\SYSTEM32\IPHLPAPI.DLL
0x00007ff852370000 - 0x00007ff8523da000 	C:\WINDOWS\system32\mswsock.dll
0x00007ff852090000 - 0x00007ff85215b000 	C:\WINDOWS\SYSTEM32\DNSAPI.dll
0x00007ff855290000 - 0x00007ff855298000 	C:\WINDOWS\System32\NSI.dll
0x00007ff84a010000 - 0x00007ff84a01a000 	C:\Windows\System32\rasadhlp.dll
0x00007ff84a150000 - 0x00007ff84a1d0000 	C:\WINDOWS\System32\fwpuclnt.dll
0x00007ff82e200000 - 0x00007ff82e218000 	C:\Program Files\Java\jdk-16\bin\zip.dll
0x00007ff82de10000 - 0x00007ff82de29000 	C:\Program Files\Java\jdk-16\bin\net.dll
0x00007ff84aa90000 - 0x00007ff84ab9a000 	C:\WINDOWS\SYSTEM32\WINHTTP.dll
0x00007ff82ddf0000 - 0x00007ff82de03000 	C:\Program Files\Java\jdk-16\bin\nio.dll
0x00007ff82ecc0000 - 0x00007ff82ecd0000 	C:\Program Files\Java\jdk-16\bin\verify.dll

dbghelp: loaded successfully - version: 4.0.5 - missing functions: none
symbol engine: initialized successfully - sym options: 0x614 - pdb path: .;C:\Program Files\Java\jdk-16\bin;C:\WINDOWS\SYSTEM32;C:\WINDOWS\WinSxS\amd64_microsoft.windows.common-controls_6595b64144ccf1df_6.0.19041.3636_none_60b6a03d71f818d5;C:\Program Files (x86)\Citrix\ICA Client;C:\Program Files\Java\jdk-16\bin\server

VM Arguments:
jvm_args: -XX:+ShowCodeDetailsInExceptionMessages -agentlib:jdwp=transport=dt_socket,suspend=y,address=localhost:56283 -javaagent:C:\Software\eclipse-jee-2021-06-R-win32-x86_64\eclipse\configuration\org.eclipse.osgi\415\0\.cp\lib\javaagent-shaded.jar -Dfile.encoding=Cp1252 
java_command: com.reddy.CollectionsFrame.LinkedListPractise
java_class_path (initial): C:\Software\Aruna_JAVA\Learn\bin;C:\Software\eclipse-jee-2021-06-R-win32-x86_64\eclipse\plugins\org.junit.jupiter.api_5.7.1.v20210222-1948.jar;C:\Software\eclipse-jee-2021-06-R-win32-x86_64\eclipse\plugins\org.junit.jupiter.engine_5.7.1.v20210222-1948.jar;C:\Software\eclipse-jee-2021-06-R-win32-x86_64\eclipse\plugins\org.junit.jupiter.migrationsupport_5.7.1.v20210222-1948.jar;C:\Software\eclipse-jee-2021-06-R-win32-x86_64\eclipse\plugins\org.junit.jupiter.params_5.7.1.v20210222-1948.jar;C:\Software\eclipse-jee-2021-06-R-win32-x86_64\eclipse\plugins\org.junit.platform.commons_1.7.1.v20210222-1948.jar;C:\Software\eclipse-jee-2021-06-R-win32-x86_64\eclipse\plugins\org.junit.platform.engine_1.7.1.v20210222-1948.jar;C:\Software\eclipse-jee-2021-06-R-win32-x86_64\eclipse\plugins\org.junit.platform.launcher_1.7.1.v20210222-1948.jar;C:\Software\eclipse-jee-2021-06-R-win32-x86_64\eclipse\plugins\org.junit.platform.runner_1.7.1.v20210222-1948.jar;C:\Software\eclipse-jee-2021-06-R-win32-x86_64\eclipse\plugins\org.junit.platform.suite.api_1.7.1.v20210222-1948.jar;C:\Software\eclipse-jee-2021-06-R-win32-x86_64\eclipse\plugins\org.junit.vintage.engine_5.7.1.v20210222-1948.jar;C:\Software\eclipse-jee-2021-06-R-win32-x86_64\eclipse\plugins\org.opentest4j_1.2.0.v20190826-0900.jar;C:\Software\eclipse-jee-2021-06-R-win32-x86_64\eclipse\plugins\org.apiguardian_1.1.0.v20190826-0900.jar;C:\Software\eclipse-jee-2021-06-R-win32-x86_64\eclipse\plugins\org.junit_4.13.0.v20200204-1500.jar;C:\Software\eclipse-jee-2021-06-R-win32-x86_64\eclipse\plugins\org.hamcrest.core_1.3.0.v20180420-1519.jar
Launcher Type: SUN_STANDARD

[Global flags]
     intx CICompilerCount                          = 3                                         {product} {ergonomic}
     uint ConcGCThreads                            = 1                                         {product} {ergonomic}
     uint G1ConcRefinementThreads                  = 4                                         {product} {ergonomic}
   size_t G1HeapRegionSize                         = 1048576                                   {product} {ergonomic}
    uintx GCDrainStackTargetSize                   = 64                                        {product} {ergonomic}
   size_t InitialHeapSize                          = 134217728                                 {product} {ergonomic}
   size_t MarkStackSize                            = 4194304                                   {product} {ergonomic}
   size_t MaxHeapSize                              = 2124414976                                {product} {ergonomic}
   size_t MaxNewSize                               = 1274019840                                {product} {ergonomic}
   size_t MinHeapDeltaBytes                        = 1048576                                   {product} {ergonomic}
   size_t MinHeapSize                              = 8388608                                   {product} {ergonomic}
    uintx NonNMethodCodeHeapSize                   = 5832780                                {pd product} {ergonomic}
    uintx NonProfiledCodeHeapSize                  = 122912730                              {pd product} {ergonomic}
    uintx ProfiledCodeHeapSize                     = 122912730                              {pd product} {ergonomic}
    uintx ReservedCodeCacheSize                    = 251658240                              {pd product} {ergonomic}
     bool SegmentedCodeCache                       = true                                      {product} {ergonomic}
     bool ShowCodeDetailsInExceptionMessages       = true                                   {manageable} {command line}
   size_t SoftMaxHeapSize                          = 2124414976                             {manageable} {ergonomic}
     bool UseCompressedClassPointers               = true                           {product lp64_product} {ergonomic}
     bool UseCompressedOops                        = true                           {product lp64_product} {ergonomic}
     bool UseG1GC                                  = true                                      {product} {ergonomic}
     bool UseLargePagesIndividualAllocation        = false                                  {pd product} {ergonomic}

Logging:
Log output configuration:
 #0: stdout all=warning uptime,level,tags
 #1: stderr all=off uptime,level,tags

Environment Variables:
JAVA_HOME=C:\Softwares\jdk-11.0.2
PATH=C:/Software/eclipse-jee-2021-06-R-win32-x86_64/eclipse//plugins/org.eclipse.justj.openjdk.hotspot.jre.full.win32.x86_64_16.0.1.v20210528-1205/jre/bin/server;C:/Software/eclipse-jee-2021-06-R-win32-x86_64/eclipse//plugins/org.eclipse.justj.openjdk.hotspot.jre.full.win32.x86_64_16.0.1.v20210528-1205/jre/bin;C:\Program Files\Common Files\Oracle\Java\javapath;C:\WINDOWS\system32;C:\WINDOWS;C:\WINDOWS\System32\Wbem;C:\WINDOWS\System32\WindowsPowerShell\v1.0\;C:\WINDOWS\System32\OpenSSH\;C:\Program Files\Java\jdk-16\bin;C:\Program Files (x86)\Microsoft SQL Server\160\Tools\Binn\;C:\Program Files\Microsoft SQL Server\160\Tools\Binn\;C:\Program Files\Microsoft SQL Server\Client SDK\ODBC\170\Tools\Binn\;C:\Program Files\Microsoft SQL Server\160\DTS\Binn\;C:\Users\hp\AppData\Local\Microsoft\WindowsApps;C:\Users\hp\AppData\Local\Programs\Microsoft VS Code\bin;C:\Softwares\jdk-11.0.2\bin;;C:\Software\eclipse-jee-2021-06-R-win32-x86_64\eclipse;
USERNAME=hp
OS=Windows_NT
PROCESSOR_IDENTIFIER=Intel64 Family 6 Model 142 Stepping 9, GenuineIntel



---------------  S Y S T E M  ---------------

OS:
 Windows 10 , 64 bit Build 19041 (10.0.19041.3636)
OS uptime: 0 days 4:49 hours

CPU: total 4 (initial active 4) (2 cores per cpu, 2 threads per core) family 6 model 142 stepping 9 microcode 0xde, cx8, cmov, fxsr, ht, mmx, 3dnowpref, sse, sse2, sse3, ssse3, sse4.1, sse4.2, popcnt, lzcnt, tsc, tscinvbit, avx, avx2, aes, erms, clmul, bmi1, bmi2, adx, fma, vzeroupper, clflush, clflushopt

Memory: 4k page, system-wide physical 8103M (2422M free)
TotalPageFile size 15527M (AvailPageFile size 5009M)
current process WorkingSet (physical memory assigned to process): 33M, peak: 45M
current process commit charge ("private bytes"): 206M, peak: 208M

vm_info: Java HotSpot(TM) 64-Bit Server VM (16+36-2231) for windows-amd64 JRE (16+36-2231), built on Feb  8 2021 11:43:10 by "mach5one" with MS VC++ 16.7 (VS2019)

END.
